{"/Users/alt/Downloads/whispr-doc-pro/app/actions/dynamodb.ts": {"path":"/Users/alt/Downloads/whispr-doc-pro/app/actions/dynamodb.ts","statementMap":{"0":{"start":{"line":1,"column":0},"end":{"line":1,"column":null}},"1":{"start":{"line":29,"column":19},"end":{"line":29,"column":38}},"2":{"start":{"line":32,"column":6},"end":{"line":32,"column":null}},"3":{"start":{"line":34,"column":2},"end":{"line":34,"column":null}},"4":{"start":{"line":34,"column":16},"end":{"line":34,"column":null}},"5":{"start":{"line":36,"column":22},"end":{"line":36,"column":36}},"6":{"start":{"line":37,"column":2},"end":{"line":39,"column":null}},"7":{"start":{"line":38,"column":4},"end":{"line":38,"column":null}},"8":{"start":{"line":41,"column":2},"end":{"line":41,"column":null}},"9":{"start":{"line":67,"column":15},"end":{"line":67,"column":null}},"10":{"start":{"line":68,"column":2},"end":{"line":68,"column":null}},"11":{"start":{"line":68,"column":17},"end":{"line":68,"column":null}},"12":{"start":{"line":70,"column":13},"end":{"line":70,"column":null}},"13":{"start":{"line":71,"column":13},"end":{"line":71,"column":null}},"14":{"start":{"line":74,"column":32},"end":{"line":80,"column":null}},"15":{"start":{"line":81,"column":47},"end":{"line":88,"column":null}},"16":{"start":{"line":90,"column":2},"end":{"line":93,"column":null}},"17":{"start":{"line":91,"column":4},"end":{"line":91,"column":null}},"18":{"start":{"line":92,"column":4},"end":{"line":92,"column":null}},"19":{"start":{"line":94,"column":2},"end":{"line":97,"column":null}},"20":{"start":{"line":95,"column":4},"end":{"line":95,"column":null}},"21":{"start":{"line":96,"column":4},"end":{"line":96,"column":null}},"22":{"start":{"line":98,"column":2},"end":{"line":101,"column":null}},"23":{"start":{"line":99,"column":4},"end":{"line":99,"column":null}},"24":{"start":{"line":100,"column":4},"end":{"line":100,"column":null}},"25":{"start":{"line":102,"column":2},"end":{"line":105,"column":null}},"26":{"start":{"line":103,"column":4},"end":{"line":103,"column":null}},"27":{"start":{"line":104,"column":4},"end":{"line":104,"column":null}},"28":{"start":{"line":106,"column":2},"end":{"line":109,"column":null}},"29":{"start":{"line":107,"column":4},"end":{"line":107,"column":null}},"30":{"start":{"line":108,"column":4},"end":{"line":108,"column":null}},"31":{"start":{"line":110,"column":2},"end":{"line":113,"column":null}},"32":{"start":{"line":111,"column":4},"end":{"line":111,"column":null}},"33":{"start":{"line":112,"column":4},"end":{"line":112,"column":null}},"34":{"start":{"line":114,"column":2},"end":{"line":117,"column":null}},"35":{"start":{"line":115,"column":4},"end":{"line":115,"column":null}},"36":{"start":{"line":116,"column":4},"end":{"line":116,"column":null}},"37":{"start":{"line":119,"column":27},"end":{"line":119,"column":null}},"38":{"start":{"line":121,"column":2},"end":{"line":126,"column":null}},"39":{"start":{"line":154,"column":2},"end":{"line":191,"column":null}},"40":{"start":{"line":155,"column":17},"end":{"line":155,"column":null}},"41":{"start":{"line":157,"column":4},"end":{"line":157,"column":null}},"42":{"start":{"line":157,"column":19},"end":{"line":157,"column":null}},"43":{"start":{"line":159,"column":15},"end":{"line":159,"column":null}},"44":{"start":{"line":160,"column":15},"end":{"line":160,"column":null}},"45":{"start":{"line":161,"column":16},"end":{"line":161,"column":null}},"46":{"start":{"line":163,"column":36},"end":{"line":184,"column":null}},"47":{"start":{"line":186,"column":4},"end":{"line":186,"column":null}},"48":{"start":{"line":187,"column":4},"end":{"line":187,"column":null}},"49":{"start":{"line":189,"column":4},"end":{"line":189,"column":null}},"50":{"start":{"line":190,"column":4},"end":{"line":190,"column":null}},"51":{"start":{"line":198,"column":2},"end":{"line":211,"column":null}},"52":{"start":{"line":199,"column":17},"end":{"line":199,"column":null}},"53":{"start":{"line":201,"column":4},"end":{"line":201,"column":null}},"54":{"start":{"line":201,"column":19},"end":{"line":201,"column":null}},"55":{"start":{"line":203,"column":15},"end":{"line":203,"column":null}},"56":{"start":{"line":204,"column":15},"end":{"line":204,"column":null}},"57":{"start":{"line":206,"column":21},"end":{"line":206,"column":null}},"58":{"start":{"line":207,"column":4},"end":{"line":207,"column":null}},"59":{"start":{"line":209,"column":4},"end":{"line":209,"column":null}},"60":{"start":{"line":210,"column":4},"end":{"line":210,"column":null}},"61":{"start":{"line":234,"column":2},"end":{"line":270,"column":null}},"62":{"start":{"line":235,"column":17},"end":{"line":235,"column":null}},"63":{"start":{"line":237,"column":4},"end":{"line":237,"column":null}},"64":{"start":{"line":237,"column":19},"end":{"line":237,"column":null}},"65":{"start":{"line":239,"column":15},"end":{"line":239,"column":null}},"66":{"start":{"line":242,"column":22},"end":{"line":246,"column":null}},"67":{"start":{"line":248,"column":27},"end":{"line":248,"column":null}},"68":{"start":{"line":249,"column":22},"end":{"line":249,"column":null}},"69":{"start":{"line":250,"column":15},"end":{"line":250,"column":null}},"70":{"start":{"line":252,"column":39},"end":{"line":263,"column":null}},"71":{"start":{"line":265,"column":4},"end":{"line":265,"column":null}},"72":{"start":{"line":266,"column":4},"end":{"line":266,"column":null}},"73":{"start":{"line":268,"column":4},"end":{"line":268,"column":null}},"74":{"start":{"line":269,"column":4},"end":{"line":269,"column":null}},"75":{"start":{"line":278,"column":2},"end":{"line":302,"column":null}},"76":{"start":{"line":279,"column":17},"end":{"line":279,"column":null}},"77":{"start":{"line":281,"column":4},"end":{"line":281,"column":null}},"78":{"start":{"line":281,"column":19},"end":{"line":281,"column":null}},"79":{"start":{"line":283,"column":15},"end":{"line":283,"column":null}},"80":{"start":{"line":285,"column":22},"end":{"line":289,"column":null}},"81":{"start":{"line":291,"column":4},"end":{"line":298,"column":null}},"82":{"start":{"line":292,"column":26},"end":{"line":295,"column":8}},"83":{"start":{"line":297,"column":28},"end":{"line":297,"column":62}},"84":{"start":{"line":298,"column":32},"end":{"line":298,"column":71}},"85":{"start":{"line":300,"column":4},"end":{"line":300,"column":null}},"86":{"start":{"line":301,"column":4},"end":{"line":301,"column":null}},"87":{"start":{"line":320,"column":2},"end":{"line":369,"column":null}},"88":{"start":{"line":321,"column":17},"end":{"line":321,"column":null}},"89":{"start":{"line":323,"column":4},"end":{"line":323,"column":null}},"90":{"start":{"line":323,"column":19},"end":{"line":323,"column":null}},"91":{"start":{"line":325,"column":15},"end":{"line":325,"column":null}},"92":{"start":{"line":327,"column":22},"end":{"line":331,"column":null}},"93":{"start":{"line":333,"column":30},"end":{"line":335,"column":null}},"94":{"start":{"line":334,"column":20},"end":{"line":334,"column":null}},"95":{"start":{"line":337,"column":4},"end":{"line":339,"column":null}},"96":{"start":{"line":338,"column":6},"end":{"line":338,"column":null}},"97":{"start":{"line":342,"column":27},"end":{"line":346,"column":null}},"98":{"start":{"line":342,"column":66},"end":{"line":346,"column":6}},"99":{"start":{"line":349,"column":4},"end":{"line":358,"column":null}},"100":{"start":{"line":361,"column":4},"end":{"line":365,"column":null}},"101":{"start":{"line":367,"column":4},"end":{"line":367,"column":null}},"102":{"start":{"line":368,"column":4},"end":{"line":368,"column":null}},"103":{"start":{"line":381,"column":2},"end":{"line":402,"column":null}},"104":{"start":{"line":382,"column":17},"end":{"line":382,"column":null}},"105":{"start":{"line":384,"column":4},"end":{"line":384,"column":null}},"106":{"start":{"line":384,"column":19},"end":{"line":384,"column":null}},"107":{"start":{"line":386,"column":15},"end":{"line":386,"column":null}},"108":{"start":{"line":387,"column":15},"end":{"line":387,"column":null}},"109":{"start":{"line":389,"column":36},"end":{"line":395,"column":null}},"110":{"start":{"line":397,"column":4},"end":{"line":397,"column":null}},"111":{"start":{"line":398,"column":4},"end":{"line":398,"column":null}},"112":{"start":{"line":400,"column":4},"end":{"line":400,"column":null}},"113":{"start":{"line":401,"column":4},"end":{"line":401,"column":null}},"114":{"start":{"line":409,"column":2},"end":{"line":422,"column":null}},"115":{"start":{"line":410,"column":17},"end":{"line":410,"column":null}},"116":{"start":{"line":412,"column":4},"end":{"line":412,"column":null}},"117":{"start":{"line":412,"column":19},"end":{"line":412,"column":null}},"118":{"start":{"line":414,"column":15},"end":{"line":414,"column":null}},"119":{"start":{"line":415,"column":15},"end":{"line":415,"column":null}},"120":{"start":{"line":417,"column":18},"end":{"line":417,"column":null}},"121":{"start":{"line":418,"column":4},"end":{"line":418,"column":null}},"122":{"start":{"line":420,"column":4},"end":{"line":420,"column":null}},"123":{"start":{"line":421,"column":4},"end":{"line":421,"column":null}}},"fnMap":{"0":{"name":"getAuthedUser","decl":{"start":{"line":28,"column":15},"end":{"line":28,"column":79}},"loc":{"start":{"line":28,"column":79},"end":{"line":42,"column":null}},"line":28},"1":{"name":"updateDocument","decl":{"start":{"line":47,"column":22},"end":{"line":47,"column":null}},"loc":{"start":{"line":66,"column":2},"end":{"line":127,"column":null}},"line":66},"2":{"name":"saveDocument","decl":{"start":{"line":132,"column":22},"end":{"line":132,"column":null}},"loc":{"start":{"line":153,"column":2},"end":{"line":192,"column":null}},"line":153},"3":{"name":"getDocument","decl":{"start":{"line":197,"column":22},"end":{"line":197,"column":34}},"loc":{"start":{"line":197,"column":79},"end":{"line":212,"column":null}},"line":197},"4":{"name":"saveRevision","decl":{"start":{"line":217,"column":22},"end":{"line":217,"column":null}},"loc":{"start":{"line":233,"column":2},"end":{"line":271,"column":null}},"line":233},"5":{"name":"getRevisionHistory","decl":{"start":{"line":277,"column":22},"end":{"line":277,"column":41}},"loc":{"start":{"line":277,"column":86},"end":{"line":303,"column":null}},"line":277},"6":{"name":"(anonymous_6)","decl":{"start":{"line":292,"column":7},"end":{"line":292,"column":12}},"loc":{"start":{"line":292,"column":26},"end":{"line":295,"column":8}},"line":292},"7":{"name":"(anonymous_7)","decl":{"start":{"line":297,"column":7},"end":{"line":297,"column":15}},"loc":{"start":{"line":297,"column":28},"end":{"line":297,"column":62}},"line":297},"8":{"name":"(anonymous_8)","decl":{"start":{"line":298,"column":7},"end":{"line":298,"column":13}},"loc":{"start":{"line":298,"column":32},"end":{"line":298,"column":71}},"line":298},"9":{"name":"restoreRevision","decl":{"start":{"line":311,"column":22},"end":{"line":311,"column":null}},"loc":{"start":{"line":319,"column":3},"end":{"line":370,"column":null}},"line":319},"10":{"name":"(anonymous_10)","decl":{"start":{"line":333,"column":40},"end":{"line":333,"column":null}},"loc":{"start":{"line":334,"column":20},"end":{"line":334,"column":null}},"line":334},"11":{"name":"(anonymous_11)","decl":{"start":{"line":342,"column":56},"end":{"line":342,"column":60}},"loc":{"start":{"line":342,"column":66},"end":{"line":346,"column":6}},"line":342},"12":{"name":"updateAutosaveState","decl":{"start":{"line":375,"column":22},"end":{"line":375,"column":null}},"loc":{"start":{"line":380,"column":2},"end":{"line":403,"column":null}},"line":380},"13":{"name":"getAutosaveState","decl":{"start":{"line":408,"column":22},"end":{"line":408,"column":39}},"loc":{"start":{"line":408,"column":84},"end":{"line":423,"column":null}},"line":408}},"branchMap":{"0":{"loc":{"start":{"line":34,"column":2},"end":{"line":34,"column":null}},"type":"if","locations":[{"start":{"line":34,"column":2},"end":{"line":34,"column":null}},{"start":{},"end":{}}],"line":34},"1":{"loc":{"start":{"line":37,"column":2},"end":{"line":39,"column":null}},"type":"if","locations":[{"start":{"line":37,"column":2},"end":{"line":39,"column":null}},{"start":{},"end":{}}],"line":37},"2":{"loc":{"start":{"line":68,"column":2},"end":{"line":68,"column":null}},"type":"if","locations":[{"start":{"line":68,"column":2},"end":{"line":68,"column":null}},{"start":{},"end":{}}],"line":68},"3":{"loc":{"start":{"line":90,"column":2},"end":{"line":93,"column":null}},"type":"if","locations":[{"start":{"line":90,"column":2},"end":{"line":93,"column":null}},{"start":{},"end":{}}],"line":90},"4":{"loc":{"start":{"line":94,"column":2},"end":{"line":97,"column":null}},"type":"if","locations":[{"start":{"line":94,"column":2},"end":{"line":97,"column":null}},{"start":{},"end":{}}],"line":94},"5":{"loc":{"start":{"line":98,"column":2},"end":{"line":101,"column":null}},"type":"if","locations":[{"start":{"line":98,"column":2},"end":{"line":101,"column":null}},{"start":{},"end":{}}],"line":98},"6":{"loc":{"start":{"line":102,"column":2},"end":{"line":105,"column":null}},"type":"if","locations":[{"start":{"line":102,"column":2},"end":{"line":105,"column":null}},{"start":{},"end":{}}],"line":102},"7":{"loc":{"start":{"line":106,"column":2},"end":{"line":109,"column":null}},"type":"if","locations":[{"start":{"line":106,"column":2},"end":{"line":109,"column":null}},{"start":{},"end":{}}],"line":106},"8":{"loc":{"start":{"line":110,"column":2},"end":{"line":113,"column":null}},"type":"if","locations":[{"start":{"line":110,"column":2},"end":{"line":113,"column":null}},{"start":{},"end":{}}],"line":110},"9":{"loc":{"start":{"line":114,"column":2},"end":{"line":117,"column":null}},"type":"if","locations":[{"start":{"line":114,"column":2},"end":{"line":117,"column":null}},{"start":{},"end":{}}],"line":114},"10":{"loc":{"start":{"line":157,"column":4},"end":{"line":157,"column":null}},"type":"if","locations":[{"start":{"line":157,"column":4},"end":{"line":157,"column":null}},{"start":{},"end":{}}],"line":157},"11":{"loc":{"start":{"line":169,"column":20},"end":{"line":169,"column":null}},"type":"binary-expr","locations":[{"start":{"line":169,"column":20},"end":{"line":169,"column":36}},{"start":{"line":169,"column":36},"end":{"line":169,"column":null}}],"line":169},"12":{"loc":{"start":{"line":179,"column":21},"end":{"line":179,"column":null}},"type":"cond-expr","locations":[{"start":{"line":179,"column":48},"end":{"line":179,"column":54}},{"start":{"line":179,"column":54},"end":{"line":179,"column":null}}],"line":179},"13":{"loc":{"start":{"line":201,"column":4},"end":{"line":201,"column":null}},"type":"if","locations":[{"start":{"line":201,"column":4},"end":{"line":201,"column":null}},{"start":{},"end":{}}],"line":201},"14":{"loc":{"start":{"line":227,"column":2},"end":{"line":227,"column":null}},"type":"default-arg","locations":[{"start":{"line":227,"column":19},"end":{"line":227,"column":null}}],"line":227},"15":{"loc":{"start":{"line":237,"column":4},"end":{"line":237,"column":null}},"type":"if","locations":[{"start":{"line":237,"column":4},"end":{"line":237,"column":null}},{"start":{},"end":{}}],"line":237},"16":{"loc":{"start":{"line":281,"column":4},"end":{"line":281,"column":null}},"type":"if","locations":[{"start":{"line":281,"column":4},"end":{"line":281,"column":null}},{"start":{},"end":{}}],"line":281},"17":{"loc":{"start":{"line":323,"column":4},"end":{"line":323,"column":null}},"type":"if","locations":[{"start":{"line":323,"column":4},"end":{"line":323,"column":null}},{"start":{},"end":{}}],"line":323},"18":{"loc":{"start":{"line":337,"column":4},"end":{"line":339,"column":null}},"type":"if","locations":[{"start":{"line":337,"column":4},"end":{"line":339,"column":null}},{"start":{},"end":{}}],"line":337},"19":{"loc":{"start":{"line":345,"column":13},"end":{"line":345,"column":null}},"type":"binary-expr","locations":[{"start":{"line":345,"column":13},"end":{"line":345,"column":24}},{"start":{"line":345,"column":24},"end":{"line":345,"column":null}}],"line":345},"20":{"loc":{"start":{"line":364,"column":23},"end":{"line":364,"column":null}},"type":"binary-expr","locations":[{"start":{"line":364,"column":23},"end":{"line":364,"column":60}},{"start":{"line":364,"column":60},"end":{"line":364,"column":null}}],"line":364},"21":{"loc":{"start":{"line":384,"column":4},"end":{"line":384,"column":null}},"type":"if","locations":[{"start":{"line":384,"column":4},"end":{"line":384,"column":null}},{"start":{},"end":{}}],"line":384},"22":{"loc":{"start":{"line":394,"column":25},"end":{"line":394,"column":null}},"type":"binary-expr","locations":[{"start":{"line":394,"column":25},"end":{"line":394,"column":46}},{"start":{"line":394,"column":46},"end":{"line":394,"column":null}}],"line":394},"23":{"loc":{"start":{"line":412,"column":4},"end":{"line":412,"column":null}},"type":"if","locations":[{"start":{"line":412,"column":4},"end":{"line":412,"column":null}},{"start":{},"end":{}}],"line":412}},"s":{"0":0,"1":0,"2":0,"3":0,"4":0,"5":0,"6":0,"7":0,"8":0,"9":0,"10":0,"11":0,"12":0,"13":0,"14":0,"15":0,"16":0,"17":0,"18":0,"19":0,"20":0,"21":0,"22":0,"23":0,"24":0,"25":0,"26":0,"27":0,"28":0,"29":0,"30":0,"31":0,"32":0,"33":0,"34":0,"35":0,"36":0,"37":0,"38":0,"39":0,"40":0,"41":0,"42":0,"43":0,"44":0,"45":0,"46":0,"47":0,"48":0,"49":0,"50":0,"51":0,"52":0,"53":0,"54":0,"55":0,"56":0,"57":0,"58":0,"59":0,"60":0,"61":0,"62":0,"63":0,"64":0,"65":0,"66":0,"67":0,"68":0,"69":0,"70":0,"71":0,"72":0,"73":0,"74":0,"75":0,"76":0,"77":0,"78":0,"79":0,"80":0,"81":0,"82":0,"83":0,"84":0,"85":0,"86":0,"87":0,"88":0,"89":0,"90":0,"91":0,"92":0,"93":0,"94":0,"95":0,"96":0,"97":0,"98":0,"99":0,"100":0,"101":0,"102":0,"103":0,"104":0,"105":0,"106":0,"107":0,"108":0,"109":0,"110":0,"111":0,"112":0,"113":0,"114":0,"115":0,"116":0,"117":0,"118":0,"119":0,"120":0,"121":0,"122":0,"123":0},"f":{"0":0,"1":0,"2":0,"3":0,"4":0,"5":0,"6":0,"7":0,"8":0,"9":0,"10":0,"11":0,"12":0,"13":0},"b":{"0":[0,0],"1":[0,0],"2":[0,0],"3":[0,0],"4":[0,0],"5":[0,0],"6":[0,0],"7":[0,0],"8":[0,0],"9":[0,0],"10":[0,0],"11":[0,0],"12":[0,0],"13":[0,0],"14":[0],"15":[0,0],"16":[0,0],"17":[0,0],"18":[0,0],"19":[0,0],"20":[0,0],"21":[0,0],"22":[0,0],"23":[0,0]},"meta":{"lastBranch":24,"lastFunction":14,"lastStatement":124,"seen":{"s:1:0:1:Infinity":0,"f:28:15:28:79":0,"s:29:19:29:38":1,"s:32:6:32:Infinity":2,"b:34:2:34:Infinity:undefined:undefined:undefined:undefined":0,"s:34:2:34:Infinity":3,"s:34:16:34:Infinity":4,"s:36:22:36:36":5,"b:37:2:39:Infinity:undefined:undefined:undefined:undefined":1,"s:37:2:39:Infinity":6,"s:38:4:38:Infinity":7,"s:41:2:41:Infinity":8,"f:47:22:47:Infinity":1,"s:67:15:67:Infinity":9,"b:68:2:68:Infinity:undefined:undefined:undefined:undefined":2,"s:68:2:68:Infinity":10,"s:68:17:68:Infinity":11,"s:70:13:70:Infinity":12,"s:71:13:71:Infinity":13,"s:74:32:80:Infinity":14,"s:81:47:88:Infinity":15,"b:90:2:93:Infinity:undefined:undefined:undefined:undefined":3,"s:90:2:93:Infinity":16,"s:91:4:91:Infinity":17,"s:92:4:92:Infinity":18,"b:94:2:97:Infinity:undefined:undefined:undefined:undefined":4,"s:94:2:97:Infinity":19,"s:95:4:95:Infinity":20,"s:96:4:96:Infinity":21,"b:98:2:101:Infinity:undefined:undefined:undefined:undefined":5,"s:98:2:101:Infinity":22,"s:99:4:99:Infinity":23,"s:100:4:100:Infinity":24,"b:102:2:105:Infinity:undefined:undefined:undefined:undefined":6,"s:102:2:105:Infinity":25,"s:103:4:103:Infinity":26,"s:104:4:104:Infinity":27,"b:106:2:109:Infinity:undefined:undefined:undefined:undefined":7,"s:106:2:109:Infinity":28,"s:107:4:107:Infinity":29,"s:108:4:108:Infinity":30,"b:110:2:113:Infinity:undefined:undefined:undefined:undefined":8,"s:110:2:113:Infinity":31,"s:111:4:111:Infinity":32,"s:112:4:112:Infinity":33,"b:114:2:117:Infinity:undefined:undefined:undefined:undefined":9,"s:114:2:117:Infinity":34,"s:115:4:115:Infinity":35,"s:116:4:116:Infinity":36,"s:119:27:119:Infinity":37,"s:121:2:126:Infinity":38,"f:132:22:132:Infinity":2,"s:154:2:191:Infinity":39,"s:155:17:155:Infinity":40,"b:157:4:157:Infinity:undefined:undefined:undefined:undefined":10,"s:157:4:157:Infinity":41,"s:157:19:157:Infinity":42,"s:159:15:159:Infinity":43,"s:160:15:160:Infinity":44,"s:161:16:161:Infinity":45,"s:163:36:184:Infinity":46,"b:169:20:169:36:169:36:169:Infinity":11,"b:179:48:179:54:179:54:179:Infinity":12,"s:186:4:186:Infinity":47,"s:187:4:187:Infinity":48,"s:189:4:189:Infinity":49,"s:190:4:190:Infinity":50,"f:197:22:197:34":3,"s:198:2:211:Infinity":51,"s:199:17:199:Infinity":52,"b:201:4:201:Infinity:undefined:undefined:undefined:undefined":13,"s:201:4:201:Infinity":53,"s:201:19:201:Infinity":54,"s:203:15:203:Infinity":55,"s:204:15:204:Infinity":56,"s:206:21:206:Infinity":57,"s:207:4:207:Infinity":58,"s:209:4:209:Infinity":59,"s:210:4:210:Infinity":60,"f:217:22:217:Infinity":4,"b:227:19:227:Infinity":14,"s:234:2:270:Infinity":61,"s:235:17:235:Infinity":62,"b:237:4:237:Infinity:undefined:undefined:undefined:undefined":15,"s:237:4:237:Infinity":63,"s:237:19:237:Infinity":64,"s:239:15:239:Infinity":65,"s:242:22:246:Infinity":66,"s:248:27:248:Infinity":67,"s:249:22:249:Infinity":68,"s:250:15:250:Infinity":69,"s:252:39:263:Infinity":70,"s:265:4:265:Infinity":71,"s:266:4:266:Infinity":72,"s:268:4:268:Infinity":73,"s:269:4:269:Infinity":74,"f:277:22:277:41":5,"s:278:2:302:Infinity":75,"s:279:17:279:Infinity":76,"b:281:4:281:Infinity:undefined:undefined:undefined:undefined":16,"s:281:4:281:Infinity":77,"s:281:19:281:Infinity":78,"s:283:15:283:Infinity":79,"s:285:22:289:Infinity":80,"s:291:4:298:Infinity":81,"f:292:7:292:12":6,"s:292:26:295:8":82,"f:297:7:297:15":7,"s:297:28:297:62":83,"f:298:7:298:13":8,"s:298:32:298:71":84,"s:300:4:300:Infinity":85,"s:301:4:301:Infinity":86,"f:311:22:311:Infinity":9,"s:320:2:369:Infinity":87,"s:321:17:321:Infinity":88,"b:323:4:323:Infinity:undefined:undefined:undefined:undefined":17,"s:323:4:323:Infinity":89,"s:323:19:323:Infinity":90,"s:325:15:325:Infinity":91,"s:327:22:331:Infinity":92,"s:333:30:335:Infinity":93,"f:333:40:333:Infinity":10,"s:334:20:334:Infinity":94,"b:337:4:339:Infinity:undefined:undefined:undefined:undefined":18,"s:337:4:339:Infinity":95,"s:338:6:338:Infinity":96,"s:342:27:346:Infinity":97,"f:342:56:342:60":11,"s:342:66:346:6":98,"b:345:13:345:24:345:24:345:Infinity":19,"s:349:4:358:Infinity":99,"s:361:4:365:Infinity":100,"b:364:23:364:60:364:60:364:Infinity":20,"s:367:4:367:Infinity":101,"s:368:4:368:Infinity":102,"f:375:22:375:Infinity":12,"s:381:2:402:Infinity":103,"s:382:17:382:Infinity":104,"b:384:4:384:Infinity:undefined:undefined:undefined:undefined":21,"s:384:4:384:Infinity":105,"s:384:19:384:Infinity":106,"s:386:15:386:Infinity":107,"s:387:15:387:Infinity":108,"s:389:36:395:Infinity":109,"b:394:25:394:46:394:46:394:Infinity":22,"s:397:4:397:Infinity":110,"s:398:4:398:Infinity":111,"s:400:4:400:Infinity":112,"s:401:4:401:Infinity":113,"f:408:22:408:39":13,"s:409:2:422:Infinity":114,"s:410:17:410:Infinity":115,"b:412:4:412:Infinity:undefined:undefined:undefined:undefined":23,"s:412:4:412:Infinity":116,"s:412:19:412:Infinity":117,"s:414:15:414:Infinity":118,"s:415:15:415:Infinity":119,"s:417:18:417:Infinity":120,"s:418:4:418:Infinity":121,"s:420:4:420:Infinity":122,"s:421:4:421:Infinity":123},"fnNames":{}}}
,"/Users/alt/Downloads/whispr-doc-pro/app/api/baseten/route.ts": {"path":"/Users/alt/Downloads/whispr-doc-pro/app/api/baseten/route.ts","statementMap":{"0":{"start":{"line":6,"column":16},"end":{"line":9,"column":null}},"1":{"start":{"line":12,"column":20},"end":{"line":12,"column":null}},"2":{"start":{"line":13,"column":26},"end":{"line":13,"column":null}},"3":{"start":{"line":15,"column":4},"end":{"line":69,"column":null}},"4":{"start":{"line":16,"column":21},"end":{"line":16,"column":null}},"5":{"start":{"line":17,"column":73},"end":{"line":17,"column":null}},"6":{"start":{"line":19,"column":8},"end":{"line":25,"column":null}},"7":{"start":{"line":27,"column":8},"end":{"line":33,"column":null}},"8":{"start":{"line":28,"column":12},"end":{"line":31,"column":null}},"9":{"start":{"line":29,"column":16},"end":{"line":29,"column":null}},"10":{"start":{"line":30,"column":16},"end":{"line":30,"column":null}},"11":{"start":{"line":32,"column":12},"end":{"line":32,"column":null}},"12":{"start":{"line":36,"column":34},"end":{"line":42,"column":null}},"13":{"start":{"line":44,"column":8},"end":{"line":54,"column":null}},"14":{"start":{"line":45,"column":12},"end":{"line":52,"column":null}},"15":{"start":{"line":53,"column":12},"end":{"line":53,"column":null}},"16":{"start":{"line":57,"column":8},"end":{"line":57,"column":null}},"17":{"start":{"line":60,"column":8},"end":{"line":60,"column":null}},"18":{"start":{"line":61,"column":8},"end":{"line":64,"column":null}},"19":{"start":{"line":62,"column":12},"end":{"line":62,"column":null}},"20":{"start":{"line":63,"column":12},"end":{"line":63,"column":null}},"21":{"start":{"line":65,"column":8},"end":{"line":68,"column":null}}},"fnMap":{"0":{"name":"POST","decl":{"start":{"line":11,"column":22},"end":{"line":11,"column":27}},"loc":{"start":{"line":11,"column":45},"end":{"line":70,"column":null}},"line":11}},"branchMap":{"0":{"loc":{"start":{"line":12,"column":20},"end":{"line":12,"column":null}},"type":"binary-expr","locations":[{"start":{"line":12,"column":20},"end":{"line":12,"column":66}},{"start":{"line":12,"column":66},"end":{"line":12,"column":null}}],"line":12},"1":{"loc":{"start":{"line":22,"column":19},"end":{"line":22,"column":null}},"type":"binary-expr","locations":[{"start":{"line":22,"column":19},"end":{"line":22,"column":28}},{"start":{"line":22,"column":28},"end":{"line":22,"column":null}}],"line":22},"2":{"loc":{"start":{"line":24,"column":44},"end":{"line":24,"column":63}},"type":"binary-expr","locations":[{"start":{"line":24,"column":44},"end":{"line":24,"column":59}},{"start":{"line":24,"column":59},"end":{"line":24,"column":63}}],"line":24},"3":{"loc":{"start":{"line":27,"column":8},"end":{"line":33,"column":null}},"type":"if","locations":[{"start":{"line":27,"column":8},"end":{"line":33,"column":null}},{"start":{},"end":{}}],"line":27},"4":{"loc":{"start":{"line":28,"column":12},"end":{"line":31,"column":null}},"type":"if","locations":[{"start":{"line":28,"column":12},"end":{"line":31,"column":null}},{"start":{},"end":{}}],"line":28},"5":{"loc":{"start":{"line":37,"column":27},"end":{"line":37,"column":65}},"type":"binary-expr","locations":[{"start":{"line":37,"column":27},"end":{"line":37,"column":36}},{"start":{"line":37,"column":36},"end":{"line":37,"column":65}}],"line":37},"6":{"loc":{"start":{"line":41,"column":25},"end":{"line":41,"column":null}},"type":"binary-expr","locations":[{"start":{"line":41,"column":25},"end":{"line":41,"column":40}},{"start":{"line":41,"column":40},"end":{"line":41,"column":null}}],"line":41},"7":{"loc":{"start":{"line":44,"column":8},"end":{"line":54,"column":null}},"type":"if","locations":[{"start":{"line":44,"column":8},"end":{"line":54,"column":null}},{"start":{},"end":{}}],"line":44},"8":{"loc":{"start":{"line":47,"column":23},"end":{"line":51,"column":null}},"type":"cond-expr","locations":[{"start":{"line":47,"column":31},"end":{"line":51,"column":20}},{"start":{"line":51,"column":20},"end":{"line":51,"column":null}}],"line":47},"9":{"loc":{"start":{"line":61,"column":8},"end":{"line":64,"column":null}},"type":"if","locations":[{"start":{"line":61,"column":8},"end":{"line":64,"column":null}},{"start":{},"end":{}}],"line":61},"10":{"loc":{"start":{"line":62,"column":60},"end":{"line":62,"column":115}},"type":"binary-expr","locations":[{"start":{"line":62,"column":60},"end":{"line":62,"column":75}},{"start":{"line":62,"column":75},"end":{"line":62,"column":115}}],"line":62},"11":{"loc":{"start":{"line":66,"column":21},"end":{"line":66,"column":76}},"type":"binary-expr","locations":[{"start":{"line":66,"column":21},"end":{"line":66,"column":36}},{"start":{"line":66,"column":36},"end":{"line":66,"column":76}}],"line":66}},"s":{"0":0,"1":0,"2":0,"3":0,"4":0,"5":0,"6":0,"7":0,"8":0,"9":0,"10":0,"11":0,"12":0,"13":0,"14":0,"15":0,"16":0,"17":0,"18":0,"19":0,"20":0,"21":0},"f":{"0":0},"b":{"0":[0,0],"1":[0,0],"2":[0,0],"3":[0,0],"4":[0,0],"5":[0,0],"6":[0,0],"7":[0,0],"8":[0,0],"9":[0,0],"10":[0,0],"11":[0,0]},"meta":{"lastBranch":12,"lastFunction":1,"lastStatement":22,"seen":{"s:6:16:9:Infinity":0,"f:11:22:11:27":0,"s:12:20:12:Infinity":1,"b:12:20:12:66:12:66:12:Infinity":0,"s:13:26:13:Infinity":2,"s:15:4:69:Infinity":3,"s:16:21:16:Infinity":4,"s:17:73:17:Infinity":5,"s:19:8:25:Infinity":6,"b:22:19:22:28:22:28:22:Infinity":1,"b:24:44:24:59:24:59:24:63":2,"b:27:8:33:Infinity:undefined:undefined:undefined:undefined":3,"s:27:8:33:Infinity":7,"b:28:12:31:Infinity:undefined:undefined:undefined:undefined":4,"s:28:12:31:Infinity":8,"s:29:16:29:Infinity":9,"s:30:16:30:Infinity":10,"s:32:12:32:Infinity":11,"s:36:34:42:Infinity":12,"b:37:27:37:36:37:36:37:65":5,"b:41:25:41:40:41:40:41:Infinity":6,"b:44:8:54:Infinity:undefined:undefined:undefined:undefined":7,"s:44:8:54:Infinity":13,"s:45:12:52:Infinity":14,"b:47:31:51:20:51:20:51:Infinity":8,"s:53:12:53:Infinity":15,"s:57:8:57:Infinity":16,"s:60:8:60:Infinity":17,"b:61:8:64:Infinity:undefined:undefined:undefined:undefined":9,"s:61:8:64:Infinity":18,"s:62:12:62:Infinity":19,"b:62:60:62:75:62:75:62:115":10,"s:63:12:63:Infinity":20,"s:65:8:68:Infinity":21,"b:66:21:66:36:66:36:66:76":11},"fnNames":{}}}
,"/Users/alt/Downloads/whispr-doc-pro/app/api/open-router/route.ts": {"path":"/Users/alt/Downloads/whispr-doc-pro/app/api/open-router/route.ts","statementMap":{"0":{"start":{"line":5,"column":22},"end":{"line":5,"column":null}},"1":{"start":{"line":8,"column":20},"end":{"line":8,"column":null}},"2":{"start":{"line":9,"column":20},"end":{"line":9,"column":null}},"3":{"start":{"line":11,"column":23},"end":{"line":17,"column":null}},"4":{"start":{"line":19,"column":4},"end":{"line":133,"column":null}},"5":{"start":{"line":20,"column":8},"end":{"line":20,"column":null}},"6":{"start":{"line":22,"column":26},"end":{"line":22,"column":null}},"7":{"start":{"line":23,"column":23},"end":{"line":23,"column":null}},"8":{"start":{"line":24,"column":38},"end":{"line":24,"column":null}},"9":{"start":{"line":27,"column":8},"end":{"line":122,"column":null}},"10":{"start":{"line":28,"column":30},"end":{"line":28,"column":null}},"11":{"start":{"line":29,"column":24},"end":{"line":29,"column":null}},"12":{"start":{"line":32,"column":12},"end":{"line":37,"column":null}},"13":{"start":{"line":34,"column":16},"end":{"line":34,"column":null}},"14":{"start":{"line":35,"column":16},"end":{"line":35,"column":null}},"15":{"start":{"line":36,"column":16},"end":{"line":36,"column":null}},"16":{"start":{"line":39,"column":12},"end":{"line":121,"column":null}},"17":{"start":{"line":40,"column":33},"end":{"line":49,"column":null}},"18":{"start":{"line":51,"column":16},"end":{"line":94,"column":null}},"19":{"start":{"line":52,"column":38},"end":{"line":52,"column":null}},"20":{"start":{"line":53,"column":35},"end":{"line":53,"column":null}},"21":{"start":{"line":55,"column":20},"end":{"line":60,"column":null}},"22":{"start":{"line":63,"column":20},"end":{"line":71,"column":null}},"23":{"start":{"line":64,"column":24},"end":{"line":64,"column":null}},"24":{"start":{"line":65,"column":24},"end":{"line":65,"column":null}},"25":{"start":{"line":67,"column":24},"end":{"line":67,"column":null}},"26":{"start":{"line":68,"column":24},"end":{"line":68,"column":null}},"27":{"start":{"line":69,"column":24},"end":{"line":69,"column":null}},"28":{"start":{"line":70,"column":24},"end":{"line":70,"column":null}},"29":{"start":{"line":74,"column":20},"end":{"line":80,"column":null}},"30":{"start":{"line":75,"column":24},"end":{"line":75,"column":null}},"31":{"start":{"line":76,"column":24},"end":{"line":76,"column":null}},"32":{"start":{"line":77,"column":24},"end":{"line":77,"column":null}},"33":{"start":{"line":78,"column":24},"end":{"line":78,"column":null}},"34":{"start":{"line":79,"column":24},"end":{"line":79,"column":null}},"35":{"start":{"line":83,"column":20},"end":{"line":90,"column":null}},"36":{"start":{"line":84,"column":24},"end":{"line":84,"column":null}},"37":{"start":{"line":85,"column":24},"end":{"line":85,"column":null}},"38":{"start":{"line":86,"column":24},"end":{"line":86,"column":null}},"39":{"start":{"line":87,"column":24},"end":{"line":87,"column":null}},"40":{"start":{"line":88,"column":24},"end":{"line":88,"column":null}},"41":{"start":{"line":89,"column":24},"end":{"line":89,"column":null}},"42":{"start":{"line":93,"column":20},"end":{"line":93,"column":null}},"43":{"start":{"line":97,"column":29},"end":{"line":97,"column":null}},"44":{"start":{"line":99,"column":16},"end":{"line":106,"column":null}},"45":{"start":{"line":109,"column":16},"end":{"line":109,"column":null}},"46":{"start":{"line":111,"column":16},"end":{"line":111,"column":null}},"47":{"start":{"line":113,"column":16},"end":{"line":113,"column":null}},"48":{"start":{"line":117,"column":16},"end":{"line":117,"column":null}},"49":{"start":{"line":118,"column":16},"end":{"line":118,"column":null}},"50":{"start":{"line":119,"column":16},"end":{"line":119,"column":null}},"51":{"start":{"line":120,"column":16},"end":{"line":120,"column":null}},"52":{"start":{"line":124,"column":29},"end":{"line":124,"column":null}},"53":{"start":{"line":125,"column":8},"end":{"line":125,"column":null}},"54":{"start":{"line":126,"column":8},"end":{"line":126,"column":null}},"55":{"start":{"line":127,"column":8},"end":{"line":127,"column":null}},"56":{"start":{"line":130,"column":8},"end":{"line":130,"column":null}},"57":{"start":{"line":131,"column":8},"end":{"line":131,"column":null}},"58":{"start":{"line":132,"column":8},"end":{"line":132,"column":null}}},"fnMap":{"0":{"name":"POST","decl":{"start":{"line":7,"column":22},"end":{"line":7,"column":27}},"loc":{"start":{"line":7,"column":45},"end":{"line":134,"column":null}},"line":7}},"branchMap":{"0":{"loc":{"start":{"line":8,"column":20},"end":{"line":8,"column":null}},"type":"binary-expr","locations":[{"start":{"line":8,"column":20},"end":{"line":8,"column":66}},{"start":{"line":8,"column":66},"end":{"line":8,"column":null}}],"line":8},"1":{"loc":{"start":{"line":32,"column":12},"end":{"line":37,"column":null}},"type":"if","locations":[{"start":{"line":32,"column":12},"end":{"line":37,"column":null}},{"start":{},"end":{}}],"line":32},"2":{"loc":{"start":{"line":45,"column":40},"end":{"line":45,"column":null}},"type":"binary-expr","locations":[{"start":{"line":45,"column":40},"end":{"line":45,"column":75}},{"start":{"line":45,"column":75},"end":{"line":45,"column":null}}],"line":45},"3":{"loc":{"start":{"line":51,"column":16},"end":{"line":94,"column":null}},"type":"if","locations":[{"start":{"line":51,"column":16},"end":{"line":94,"column":null}},{"start":{},"end":{}}],"line":51},"4":{"loc":{"start":{"line":63,"column":20},"end":{"line":71,"column":null}},"type":"if","locations":[{"start":{"line":63,"column":20},"end":{"line":71,"column":null}},{"start":{},"end":{}}],"line":63},"5":{"loc":{"start":{"line":63,"column":24},"end":{"line":63,"column":58}},"type":"binary-expr","locations":[{"start":{"line":63,"column":24},"end":{"line":63,"column":42}},{"start":{"line":63,"column":42},"end":{"line":63,"column":58}}],"line":63},"6":{"loc":{"start":{"line":74,"column":20},"end":{"line":80,"column":null}},"type":"if","locations":[{"start":{"line":74,"column":20},"end":{"line":80,"column":null}},{"start":{},"end":{}}],"line":74},"7":{"loc":{"start":{"line":83,"column":20},"end":{"line":90,"column":null}},"type":"if","locations":[{"start":{"line":83,"column":20},"end":{"line":90,"column":null}},{"start":{},"end":{}}],"line":83},"8":{"loc":{"start":{"line":100,"column":28},"end":{"line":100,"column":null}},"type":"binary-expr","locations":[{"start":{"line":100,"column":28},"end":{"line":100,"column":67}},{"start":{"line":100,"column":67},"end":{"line":100,"column":null}}],"line":100},"9":{"loc":{"start":{"line":118,"column":28},"end":{"line":118,"column":null}},"type":"cond-expr","locations":[{"start":{"line":118,"column":51},"end":{"line":118,"column":57}},{"start":{"line":118,"column":57},"end":{"line":118,"column":null}}],"line":118}},"s":{"0":0,"1":0,"2":0,"3":0,"4":0,"5":0,"6":0,"7":0,"8":0,"9":0,"10":0,"11":0,"12":0,"13":0,"14":0,"15":0,"16":0,"17":0,"18":0,"19":0,"20":0,"21":0,"22":0,"23":0,"24":0,"25":0,"26":0,"27":0,"28":0,"29":0,"30":0,"31":0,"32":0,"33":0,"34":0,"35":0,"36":0,"37":0,"38":0,"39":0,"40":0,"41":0,"42":0,"43":0,"44":0,"45":0,"46":0,"47":0,"48":0,"49":0,"50":0,"51":0,"52":0,"53":0,"54":0,"55":0,"56":0,"57":0,"58":0},"f":{"0":0},"b":{"0":[0,0],"1":[0,0],"2":[0,0],"3":[0,0],"4":[0,0],"5":[0,0],"6":[0,0],"7":[0,0],"8":[0,0],"9":[0,0]},"meta":{"lastBranch":10,"lastFunction":1,"lastStatement":59,"seen":{"s:5:22:5:Infinity":0,"f:7:22:7:27":0,"s:8:20:8:Infinity":1,"b:8:20:8:66:8:66:8:Infinity":0,"s:9:20:9:Infinity":2,"s:11:23:17:Infinity":3,"s:19:4:133:Infinity":4,"s:20:8:20:Infinity":5,"s:22:26:22:Infinity":6,"s:23:23:23:Infinity":7,"s:24:38:24:Infinity":8,"s:27:8:122:Infinity":9,"s:28:30:28:Infinity":10,"s:29:24:29:Infinity":11,"b:32:12:37:Infinity:undefined:undefined:undefined:undefined":1,"s:32:12:37:Infinity":12,"s:34:16:34:Infinity":13,"s:35:16:35:Infinity":14,"s:36:16:36:Infinity":15,"s:39:12:121:Infinity":16,"s:40:33:49:Infinity":17,"b:45:40:45:75:45:75:45:Infinity":2,"b:51:16:94:Infinity:undefined:undefined:undefined:undefined":3,"s:51:16:94:Infinity":18,"s:52:38:52:Infinity":19,"s:53:35:53:Infinity":20,"s:55:20:60:Infinity":21,"b:63:20:71:Infinity:undefined:undefined:undefined:undefined":4,"s:63:20:71:Infinity":22,"b:63:24:63:42:63:42:63:58":5,"s:64:24:64:Infinity":23,"s:65:24:65:Infinity":24,"s:67:24:67:Infinity":25,"s:68:24:68:Infinity":26,"s:69:24:69:Infinity":27,"s:70:24:70:Infinity":28,"b:74:20:80:Infinity:undefined:undefined:undefined:undefined":6,"s:74:20:80:Infinity":29,"s:75:24:75:Infinity":30,"s:76:24:76:Infinity":31,"s:77:24:77:Infinity":32,"s:78:24:78:Infinity":33,"s:79:24:79:Infinity":34,"b:83:20:90:Infinity:undefined:undefined:undefined:undefined":7,"s:83:20:90:Infinity":35,"s:84:24:84:Infinity":36,"s:85:24:85:Infinity":37,"s:86:24:86:Infinity":38,"s:87:24:87:Infinity":39,"s:88:24:88:Infinity":40,"s:89:24:89:Infinity":41,"s:93:20:93:Infinity":42,"s:97:29:97:Infinity":43,"s:99:16:106:Infinity":44,"b:100:28:100:67:100:67:100:Infinity":8,"s:109:16:109:Infinity":45,"s:111:16:111:Infinity":46,"s:113:16:113:Infinity":47,"s:117:16:117:Infinity":48,"s:118:16:118:Infinity":49,"b:118:51:118:57:118:57:118:Infinity":9,"s:119:16:119:Infinity":50,"s:120:16:120:Infinity":51,"s:124:29:124:Infinity":52,"s:125:8:125:Infinity":53,"s:126:8:126:Infinity":54,"s:127:8:127:Infinity":55,"s:130:8:130:Infinity":56,"s:131:8:131:Infinity":57,"s:132:8:132:Infinity":58},"fnNames":{}}}
,"/Users/alt/Downloads/whispr-doc-pro/app/api/process-pdf/route.ts": {"path":"/Users/alt/Downloads/whispr-doc-pro/app/api/process-pdf/route.ts","statementMap":{"0":{"start":{"line":15,"column":23},"end":{"line":15,"column":null}},"1":{"start":{"line":16,"column":27},"end":{"line":16,"column":null}},"2":{"start":{"line":31,"column":18},"end":{"line":31,"column":null}},"3":{"start":{"line":31,"column":47},"end":{"line":31,"column":59}},"4":{"start":{"line":33,"column":2},"end":{"line":55,"column":null}},"5":{"start":{"line":34,"column":16},"end":{"line":34,"column":null}},"6":{"start":{"line":36,"column":38},"end":{"line":36,"column":null}},"7":{"start":{"line":37,"column":4},"end":{"line":40,"column":null}},"8":{"start":{"line":37,"column":31},"end":{"line":37,"column":null}},"9":{"start":{"line":38,"column":9},"end":{"line":40,"column":null}},"10":{"start":{"line":38,"column":33},"end":{"line":38,"column":null}},"11":{"start":{"line":39,"column":9},"end":{"line":40,"column":null}},"12":{"start":{"line":39,"column":57},"end":{"line":39,"column":null}},"13":{"start":{"line":40,"column":9},"end":{"line":40,"column":null}},"14":{"start":{"line":40,"column":37},"end":{"line":40,"column":null}},"15":{"start":{"line":42,"column":4},"end":{"line":54,"column":null}},"16":{"start":{"line":59,"column":2},"end":{"line":202,"column":null}},"17":{"start":{"line":60,"column":19},"end":{"line":60,"column":null}},"18":{"start":{"line":61,"column":4},"end":{"line":61,"column":null}},"19":{"start":{"line":63,"column":18},"end":{"line":63,"column":null}},"20":{"start":{"line":64,"column":27},"end":{"line":64,"column":null}},"21":{"start":{"line":65,"column":43},"end":{"line":65,"column":null}},"22":{"start":{"line":66,"column":26},"end":{"line":66,"column":null}},"23":{"start":{"line":68,"column":4},"end":{"line":76,"column":null}},"24":{"start":{"line":68,"column":17},"end":{"line":68,"column":20}},"25":{"start":{"line":69,"column":6},"end":{"line":69,"column":null}},"26":{"start":{"line":70,"column":32},"end":{"line":70,"column":null}},"27":{"start":{"line":72,"column":23},"end":{"line":72,"column":null}},"28":{"start":{"line":73,"column":6},"end":{"line":73,"column":null}},"29":{"start":{"line":75,"column":6},"end":{"line":75,"column":null}},"30":{"start":{"line":78,"column":17},"end":{"line":78,"column":null}},"31":{"start":{"line":79,"column":33},"end":{"line":79,"column":null}},"32":{"start":{"line":81,"column":4},"end":{"line":184,"column":null}},"33":{"start":{"line":82,"column":6},"end":{"line":183,"column":null}},"34":{"start":{"line":83,"column":21},"end":{"line":83,"column":null}},"35":{"start":{"line":84,"column":8},"end":{"line":84,"column":null}},"36":{"start":{"line":84,"column":19},"end":{"line":84,"column":null}},"37":{"start":{"line":86,"column":27},"end":{"line":86,"column":null}},"38":{"start":{"line":87,"column":8},"end":{"line":87,"column":null}},"39":{"start":{"line":87,"column":24},"end":{"line":87,"column":null}},"40":{"start":{"line":89,"column":19},"end":{"line":89,"column":null}},"41":{"start":{"line":90,"column":8},"end":{"line":107,"column":null}},"42":{"start":{"line":91,"column":21},"end":{"line":91,"column":null}},"43":{"start":{"line":92,"column":25},"end":{"line":92,"column":null}},"44":{"start":{"line":93,"column":24},"end":{"line":93,"column":null}},"45":{"start":{"line":94,"column":21},"end":{"line":94,"column":null}},"46":{"start":{"line":96,"column":10},"end":{"line":106,"column":null}},"47":{"start":{"line":97,"column":12},"end":{"line":99,"column":null}},"48":{"start":{"line":97,"column":32},"end":{"line":97,"column":null}},"49":{"start":{"line":98,"column":17},"end":{"line":99,"column":null}},"50":{"start":{"line":98,"column":37},"end":{"line":98,"column":null}},"51":{"start":{"line":99,"column":17},"end":{"line":99,"column":null}},"52":{"start":{"line":100,"column":17},"end":{"line":106,"column":null}},"53":{"start":{"line":101,"column":12},"end":{"line":101,"column":null}},"54":{"start":{"line":102,"column":17},"end":{"line":106,"column":null}},"55":{"start":{"line":103,"column":12},"end":{"line":103,"column":null}},"56":{"start":{"line":105,"column":12},"end":{"line":105,"column":null}},"57":{"start":{"line":109,"column":19},"end":{"line":109,"column":null}},"58":{"start":{"line":111,"column":8},"end":{"line":114,"column":null}},"59":{"start":{"line":112,"column":10},"end":{"line":112,"column":null}},"60":{"start":{"line":113,"column":10},"end":{"line":113,"column":null}},"61":{"start":{"line":116,"column":14},"end":{"line":165,"column":null}},"62":{"start":{"line":117,"column":10},"end":{"line":164,"column":null}},"63":{"start":{"line":118,"column":25},"end":{"line":118,"column":null}},"64":{"start":{"line":119,"column":28},"end":{"line":119,"column":null}},"65":{"start":{"line":120,"column":12},"end":{"line":120,"column":null}},"66":{"start":{"line":120,"column":35},"end":{"line":120,"column":null}},"67":{"start":{"line":122,"column":28},"end":{"line":122,"column":null}},"68":{"start":{"line":123,"column":12},"end":{"line":123,"column":null}},"69":{"start":{"line":123,"column":63},"end":{"line":123,"column":null}},"70":{"start":{"line":125,"column":23},"end":{"line":125,"column":null}},"71":{"start":{"line":126,"column":23},"end":{"line":126,"column":null}},"72":{"start":{"line":127,"column":23},"end":{"line":127,"column":null}},"73":{"start":{"line":128,"column":23},"end":{"line":128,"column":null}},"74":{"start":{"line":130,"column":20},"end":{"line":130,"column":null}},"75":{"start":{"line":131,"column":20},"end":{"line":131,"column":null}},"76":{"start":{"line":132,"column":24},"end":{"line":132,"column":null}},"77":{"start":{"line":133,"column":25},"end":{"line":133,"column":null}},"78":{"start":{"line":135,"column":30},"end":{"line":135,"column":null}},"79":{"start":{"line":136,"column":29},"end":{"line":136,"column":null}},"80":{"start":{"line":137,"column":28},"end":{"line":137,"column":null}},"81":{"start":{"line":140,"column":12},"end":{"line":159,"column":null}},"82":{"start":{"line":141,"column":27},"end":{"line":141,"column":null}},"83":{"start":{"line":142,"column":14},"end":{"line":142,"column":null}},"84":{"start":{"line":143,"column":14},"end":{"line":143,"column":null}},"85":{"start":{"line":145,"column":26},"end":{"line":145,"column":null}},"86":{"start":{"line":146,"column":14},"end":{"line":146,"column":null}},"87":{"start":{"line":147,"column":14},"end":{"line":147,"column":null}},"88":{"start":{"line":148,"column":19},"end":{"line":159,"column":null}},"89":{"start":{"line":149,"column":14},"end":{"line":149,"column":null}},"90":{"start":{"line":150,"column":14},"end":{"line":150,"column":null}},"91":{"start":{"line":151,"column":19},"end":{"line":159,"column":null}},"92":{"start":{"line":152,"column":27},"end":{"line":152,"column":null}},"93":{"start":{"line":153,"column":14},"end":{"line":153,"column":null}},"94":{"start":{"line":154,"column":14},"end":{"line":154,"column":null}},"95":{"start":{"line":156,"column":26},"end":{"line":156,"column":null}},"96":{"start":{"line":157,"column":14},"end":{"line":157,"column":null}},"97":{"start":{"line":158,"column":14},"end":{"line":158,"column":null}},"98":{"start":{"line":161,"column":12},"end":{"line":161,"column":null}},"99":{"start":{"line":161,"column":43},"end":{"line":161,"column":null}},"100":{"start":{"line":163,"column":12},"end":{"line":163,"column":null}},"101":{"start":{"line":167,"column":8},"end":{"line":179,"column":null}},"102":{"start":{"line":168,"column":23},"end":{"line":168,"column":null}},"103":{"start":{"line":169,"column":10},"end":{"line":178,"column":null}},"104":{"start":{"line":170,"column":28},"end":{"line":170,"column":null}},"105":{"start":{"line":171,"column":12},"end":{"line":176,"column":null}},"106":{"start":{"line":172,"column":14},"end":{"line":175,"column":null}},"107":{"start":{"line":173,"column":28},"end":{"line":173,"column":null}},"108":{"start":{"line":174,"column":16},"end":{"line":174,"column":null}},"109":{"start":{"line":177,"column":12},"end":{"line":177,"column":null}},"110":{"start":{"line":177,"column":36},"end":{"line":177,"column":null}},"111":{"start":{"line":181,"column":8},"end":{"line":181,"column":null}},"112":{"start":{"line":186,"column":4},"end":{"line":196,"column":null}},"113":{"start":{"line":187,"column":6},"end":{"line":187,"column":null}},"114":{"start":{"line":187,"column":29},"end":{"line":187,"column":null}},"115":{"start":{"line":189,"column":27},"end":{"line":189,"column":null}},"116":{"start":{"line":191,"column":6},"end":{"line":193,"column":null}},"117":{"start":{"line":192,"column":8},"end":{"line":192,"column":null}},"118":{"start":{"line":195,"column":6},"end":{"line":195,"column":null}},"119":{"start":{"line":198,"column":4},"end":{"line":198,"column":null}},"120":{"start":{"line":200,"column":4},"end":{"line":200,"column":null}},"121":{"start":{"line":201,"column":4},"end":{"line":201,"column":null}},"122":{"start":{"line":205,"column":2},"end":{"line":342,"column":null}},"123":{"start":{"line":206,"column":21},"end":{"line":206,"column":null}},"124":{"start":{"line":207,"column":17},"end":{"line":207,"column":null}},"125":{"start":{"line":209,"column":4},"end":{"line":211,"column":null}},"126":{"start":{"line":210,"column":6},"end":{"line":210,"column":null}},"127":{"start":{"line":213,"column":4},"end":{"line":215,"column":null}},"128":{"start":{"line":214,"column":6},"end":{"line":214,"column":null}},"129":{"start":{"line":217,"column":26},"end":{"line":217,"column":null}},"130":{"start":{"line":218,"column":4},"end":{"line":220,"column":null}},"131":{"start":{"line":219,"column":6},"end":{"line":219,"column":null}},"132":{"start":{"line":222,"column":24},"end":{"line":222,"column":null}},"133":{"start":{"line":223,"column":18},"end":{"line":223,"column":null}},"134":{"start":{"line":225,"column":4},"end":{"line":225,"column":null}},"135":{"start":{"line":226,"column":23},"end":{"line":226,"column":null}},"136":{"start":{"line":228,"column":4},"end":{"line":238,"column":null}},"137":{"start":{"line":229,"column":6},"end":{"line":237,"column":null}},"138":{"start":{"line":240,"column":40},"end":{"line":251,"column":null}},"139":{"start":{"line":240,"column":74},"end":{"line":251,"column":6}},"140":{"start":{"line":254,"column":4},"end":{"line":282,"column":null}},"141":{"start":{"line":255,"column":47},"end":{"line":264,"column":null}},"142":{"start":{"line":266,"column":6},"end":{"line":281,"column":null}},"143":{"start":{"line":267,"column":56},"end":{"line":272,"column":null}},"144":{"start":{"line":273,"column":8},"end":{"line":278,"column":null}},"145":{"start":{"line":280,"column":8},"end":{"line":280,"column":null}},"146":{"start":{"line":284,"column":4},"end":{"line":337,"column":null}},"147":{"start":{"line":285,"column":20},"end":{"line":285,"column":null}},"148":{"start":{"line":286,"column":25},"end":{"line":298,"column":null}},"149":{"start":{"line":287,"column":20},"end":{"line":287,"column":null}},"150":{"start":{"line":287,"column":51},"end":{"line":287,"column":69}},"151":{"start":{"line":288,"column":8},"end":{"line":297,"column":null}},"152":{"start":{"line":299,"column":24},"end":{"line":299,"column":null}},"153":{"start":{"line":315,"column":22},"end":{"line":315,"column":null}},"154":{"start":{"line":316,"column":54},"end":{"line":321,"column":null}},"155":{"start":{"line":323,"column":6},"end":{"line":328,"column":null}},"156":{"start":{"line":330,"column":6},"end":{"line":330,"column":null}},"157":{"start":{"line":331,"column":6},"end":{"line":336,"column":null}},"158":{"start":{"line":340,"column":4},"end":{"line":340,"column":null}},"159":{"start":{"line":341,"column":4},"end":{"line":341,"column":null}}},"fnMap":{"0":{"name":"formatDetectedFields","decl":{"start":{"line":30,"column":9},"end":{"line":30,"column":30}},"loc":{"start":{"line":30,"column":99},"end":{"line":56,"column":null}},"line":30},"1":{"name":"(anonymous_1)","decl":{"start":{"line":31,"column":36},"end":{"line":31,"column":41}},"loc":{"start":{"line":31,"column":47},"end":{"line":31,"column":59}},"line":31},"2":{"name":"(anonymous_2)","decl":{"start":{"line":33,"column":19},"end":{"line":33,"column":24}},"loc":{"start":{"line":33,"column":30},"end":{"line":55,"column":3}},"line":33},"3":{"name":"extractWidgetsViaPdfLib","decl":{"start":{"line":58,"column":15},"end":{"line":58,"column":39}},"loc":{"start":{"line":58,"column":116},"end":{"line":203,"column":null}},"line":58},"4":{"name":"(anonymous_4)","decl":{"start":{"line":116,"column":14},"end":{"line":116,"column":31}},"loc":{"start":{"line":116,"column":51},"end":{"line":165,"column":null}},"line":116},"5":{"name":"(anonymous_5)","decl":{"start":{"line":186,"column":12},"end":{"line":186,"column":18}},"loc":{"start":{"line":186,"column":27},"end":{"line":196,"column":5}},"line":186},"6":{"name":"POST","decl":{"start":{"line":204,"column":22},"end":{"line":204,"column":27}},"loc":{"start":{"line":204,"column":45},"end":{"line":343,"column":null}},"line":204},"7":{"name":"(anonymous_7)","decl":{"start":{"line":240,"column":59},"end":{"line":240,"column":64}},"loc":{"start":{"line":240,"column":74},"end":{"line":251,"column":6}},"line":240},"8":{"name":"(anonymous_8)","decl":{"start":{"line":286,"column":35},"end":{"line":286,"column":39}},"loc":{"start":{"line":286,"column":44},"end":{"line":298,"column":7}},"line":286},"9":{"name":"(anonymous_9)","decl":{"start":{"line":287,"column":41},"end":{"line":287,"column":46}},"loc":{"start":{"line":287,"column":51},"end":{"line":287,"column":69}},"line":287}},"branchMap":{"0":{"loc":{"start":{"line":34,"column":16},"end":{"line":34,"column":null}},"type":"binary-expr","locations":[{"start":{"line":34,"column":16},"end":{"line":34,"column":39}},{"start":{"line":34,"column":39},"end":{"line":34,"column":null}}],"line":34},"1":{"loc":{"start":{"line":37,"column":4},"end":{"line":40,"column":null}},"type":"if","locations":[{"start":{"line":37,"column":4},"end":{"line":40,"column":null}},{"start":{"line":38,"column":9},"end":{"line":40,"column":null}}],"line":37},"2":{"loc":{"start":{"line":38,"column":9},"end":{"line":40,"column":null}},"type":"if","locations":[{"start":{"line":38,"column":9},"end":{"line":40,"column":null}},{"start":{"line":39,"column":9},"end":{"line":40,"column":null}}],"line":38},"3":{"loc":{"start":{"line":39,"column":9},"end":{"line":40,"column":null}},"type":"if","locations":[{"start":{"line":39,"column":9},"end":{"line":40,"column":null}},{"start":{"line":40,"column":9},"end":{"line":40,"column":null}}],"line":39},"4":{"loc":{"start":{"line":39,"column":13},"end":{"line":39,"column":57}},"type":"binary-expr","locations":[{"start":{"line":39,"column":13},"end":{"line":39,"column":38}},{"start":{"line":39,"column":38},"end":{"line":39,"column":57}}],"line":39},"5":{"loc":{"start":{"line":40,"column":9},"end":{"line":40,"column":null}},"type":"if","locations":[{"start":{"line":40,"column":9},"end":{"line":40,"column":null}},{"start":{},"end":{}}],"line":40},"6":{"loc":{"start":{"line":84,"column":8},"end":{"line":84,"column":null}},"type":"if","locations":[{"start":{"line":84,"column":8},"end":{"line":84,"column":null}},{"start":{},"end":{}}],"line":84},"7":{"loc":{"start":{"line":87,"column":8},"end":{"line":87,"column":null}},"type":"if","locations":[{"start":{"line":87,"column":8},"end":{"line":87,"column":null}},{"start":{},"end":{}}],"line":87},"8":{"loc":{"start":{"line":92,"column":25},"end":{"line":92,"column":null}},"type":"binary-expr","locations":[{"start":{"line":92,"column":25},"end":{"line":92,"column":64}},{"start":{"line":92,"column":64},"end":{"line":92,"column":null}}],"line":92},"9":{"loc":{"start":{"line":94,"column":21},"end":{"line":94,"column":null}},"type":"cond-expr","locations":[{"start":{"line":94,"column":49},"end":{"line":94,"column":58}},{"start":{"line":94,"column":58},"end":{"line":94,"column":null}}],"line":94},"10":{"loc":{"start":{"line":94,"column":58},"end":{"line":94,"column":null}},"type":"binary-expr","locations":[{"start":{"line":94,"column":58},"end":{"line":94,"column":80}},{"start":{"line":94,"column":80},"end":{"line":94,"column":null}}],"line":94},"11":{"loc":{"start":{"line":96,"column":10},"end":{"line":106,"column":null}},"type":"if","locations":[{"start":{"line":96,"column":10},"end":{"line":106,"column":null}},{"start":{"line":100,"column":17},"end":{"line":106,"column":null}}],"line":96},"12":{"loc":{"start":{"line":97,"column":12},"end":{"line":99,"column":null}},"type":"if","locations":[{"start":{"line":97,"column":12},"end":{"line":99,"column":null}},{"start":{"line":98,"column":17},"end":{"line":99,"column":null}}],"line":97},"13":{"loc":{"start":{"line":98,"column":17},"end":{"line":99,"column":null}},"type":"if","locations":[{"start":{"line":98,"column":17},"end":{"line":99,"column":null}},{"start":{"line":99,"column":17},"end":{"line":99,"column":null}}],"line":98},"14":{"loc":{"start":{"line":100,"column":17},"end":{"line":106,"column":null}},"type":"if","locations":[{"start":{"line":100,"column":17},"end":{"line":106,"column":null}},{"start":{"line":102,"column":17},"end":{"line":106,"column":null}}],"line":100},"15":{"loc":{"start":{"line":101,"column":19},"end":{"line":101,"column":null}},"type":"cond-expr","locations":[{"start":{"line":101,"column":36},"end":{"line":101,"column":49}},{"start":{"line":101,"column":49},"end":{"line":101,"column":null}}],"line":101},"16":{"loc":{"start":{"line":102,"column":17},"end":{"line":106,"column":null}},"type":"if","locations":[{"start":{"line":102,"column":17},"end":{"line":106,"column":null}},{"start":{"line":104,"column":17},"end":{"line":106,"column":null}}],"line":102},"17":{"loc":{"start":{"line":111,"column":8},"end":{"line":114,"column":null}},"type":"if","locations":[{"start":{"line":111,"column":8},"end":{"line":114,"column":null}},{"start":{},"end":{}}],"line":111},"18":{"loc":{"start":{"line":120,"column":12},"end":{"line":120,"column":null}},"type":"if","locations":[{"start":{"line":120,"column":12},"end":{"line":120,"column":null}},{"start":{},"end":{}}],"line":120},"19":{"loc":{"start":{"line":120,"column":16},"end":{"line":120,"column":35}},"type":"binary-expr","locations":[{"start":{"line":120,"column":16},"end":{"line":120,"column":25}},{"start":{"line":120,"column":25},"end":{"line":120,"column":35}}],"line":120},"20":{"loc":{"start":{"line":122,"column":28},"end":{"line":122,"column":null}},"type":"binary-expr","locations":[{"start":{"line":122,"column":28},"end":{"line":122,"column":48}},{"start":{"line":122,"column":48},"end":{"line":122,"column":null}}],"line":122},"21":{"loc":{"start":{"line":123,"column":12},"end":{"line":123,"column":null}},"type":"if","locations":[{"start":{"line":123,"column":12},"end":{"line":123,"column":null}},{"start":{},"end":{}}],"line":123},"22":{"loc":{"start":{"line":123,"column":16},"end":{"line":123,"column":63}},"type":"binary-expr","locations":[{"start":{"line":123,"column":16},"end":{"line":123,"column":43}},{"start":{"line":123,"column":43},"end":{"line":123,"column":63}}],"line":123},"23":{"loc":{"start":{"line":125,"column":23},"end":{"line":125,"column":null}},"type":"binary-expr","locations":[{"start":{"line":125,"column":23},"end":{"line":125,"column":49}},{"start":{"line":125,"column":49},"end":{"line":125,"column":null}}],"line":125},"24":{"loc":{"start":{"line":126,"column":23},"end":{"line":126,"column":null}},"type":"binary-expr","locations":[{"start":{"line":126,"column":23},"end":{"line":126,"column":49}},{"start":{"line":126,"column":49},"end":{"line":126,"column":null}}],"line":126},"25":{"loc":{"start":{"line":127,"column":23},"end":{"line":127,"column":null}},"type":"binary-expr","locations":[{"start":{"line":127,"column":23},"end":{"line":127,"column":49}},{"start":{"line":127,"column":49},"end":{"line":127,"column":null}}],"line":127},"26":{"loc":{"start":{"line":128,"column":23},"end":{"line":128,"column":null}},"type":"binary-expr","locations":[{"start":{"line":128,"column":23},"end":{"line":128,"column":49}},{"start":{"line":128,"column":49},"end":{"line":128,"column":null}}],"line":128},"27":{"loc":{"start":{"line":135,"column":30},"end":{"line":135,"column":null}},"type":"binary-expr","locations":[{"start":{"line":135,"column":30},"end":{"line":135,"column":72}},{"start":{"line":135,"column":72},"end":{"line":135,"column":null}}],"line":135},"28":{"loc":{"start":{"line":136,"column":29},"end":{"line":136,"column":null}},"type":"binary-expr","locations":[{"start":{"line":136,"column":29},"end":{"line":136,"column":61}},{"start":{"line":136,"column":61},"end":{"line":136,"column":null}}],"line":136},"29":{"loc":{"start":{"line":140,"column":12},"end":{"line":159,"column":null}},"type":"if","locations":[{"start":{"line":140,"column":12},"end":{"line":159,"column":null}},{"start":{"line":148,"column":19},"end":{"line":159,"column":null}}],"line":140},"30":{"loc":{"start":{"line":148,"column":19},"end":{"line":159,"column":null}},"type":"if","locations":[{"start":{"line":148,"column":19},"end":{"line":159,"column":null}},{"start":{"line":151,"column":19},"end":{"line":159,"column":null}}],"line":148},"31":{"loc":{"start":{"line":151,"column":19},"end":{"line":159,"column":null}},"type":"if","locations":[{"start":{"line":151,"column":19},"end":{"line":159,"column":null}},{"start":{},"end":{}}],"line":151},"32":{"loc":{"start":{"line":161,"column":12},"end":{"line":161,"column":null}},"type":"if","locations":[{"start":{"line":161,"column":12},"end":{"line":161,"column":null}},{"start":{},"end":{}}],"line":161},"33":{"loc":{"start":{"line":161,"column":16},"end":{"line":161,"column":43}},"type":"binary-expr","locations":[{"start":{"line":161,"column":16},"end":{"line":161,"column":30}},{"start":{"line":161,"column":30},"end":{"line":161,"column":43}}],"line":161},"34":{"loc":{"start":{"line":169,"column":10},"end":{"line":178,"column":null}},"type":"if","locations":[{"start":{"line":169,"column":10},"end":{"line":178,"column":null}},{"start":{},"end":{}}],"line":169},"35":{"loc":{"start":{"line":170,"column":28},"end":{"line":170,"column":null}},"type":"binary-expr","locations":[{"start":{"line":170,"column":28},"end":{"line":170,"column":48}},{"start":{"line":170,"column":48},"end":{"line":170,"column":null}}],"line":170},"36":{"loc":{"start":{"line":177,"column":12},"end":{"line":177,"column":null}},"type":"if","locations":[{"start":{"line":177,"column":12},"end":{"line":177,"column":null}},{"start":{},"end":{}}],"line":177},"37":{"loc":{"start":{"line":187,"column":6},"end":{"line":187,"column":null}},"type":"if","locations":[{"start":{"line":187,"column":6},"end":{"line":187,"column":null}},{"start":{},"end":{}}],"line":187},"38":{"loc":{"start":{"line":189,"column":27},"end":{"line":189,"column":null}},"type":"binary-expr","locations":[{"start":{"line":189,"column":27},"end":{"line":189,"column":65}},{"start":{"line":189,"column":65},"end":{"line":189,"column":null}}],"line":189},"39":{"loc":{"start":{"line":191,"column":6},"end":{"line":193,"column":null}},"type":"if","locations":[{"start":{"line":191,"column":6},"end":{"line":193,"column":null}},{"start":{},"end":{}}],"line":191},"40":{"loc":{"start":{"line":200,"column":61},"end":{"line":200,"column":95}},"type":"cond-expr","locations":[{"start":{"line":200,"column":82},"end":{"line":200,"column":94}},{"start":{"line":200,"column":94},"end":{"line":200,"column":95}}],"line":200},"41":{"loc":{"start":{"line":209,"column":4},"end":{"line":211,"column":null}},"type":"if","locations":[{"start":{"line":209,"column":4},"end":{"line":211,"column":null}},{"start":{},"end":{}}],"line":209},"42":{"loc":{"start":{"line":209,"column":8},"end":{"line":209,"column":42}},"type":"binary-expr","locations":[{"start":{"line":209,"column":8},"end":{"line":209,"column":17}},{"start":{"line":209,"column":17},"end":{"line":209,"column":42}}],"line":209},"43":{"loc":{"start":{"line":213,"column":4},"end":{"line":215,"column":null}},"type":"if","locations":[{"start":{"line":213,"column":4},"end":{"line":215,"column":null}},{"start":{},"end":{}}],"line":213},"44":{"loc":{"start":{"line":213,"column":8},"end":{"line":213,"column":86}},"type":"binary-expr","locations":[{"start":{"line":213,"column":8},"end":{"line":213,"column":43}},{"start":{"line":213,"column":43},"end":{"line":213,"column":86}}],"line":213},"45":{"loc":{"start":{"line":218,"column":4},"end":{"line":220,"column":null}},"type":"if","locations":[{"start":{"line":218,"column":4},"end":{"line":220,"column":null}},{"start":{},"end":{}}],"line":218},"46":{"loc":{"start":{"line":228,"column":4},"end":{"line":238,"column":null}},"type":"if","locations":[{"start":{"line":228,"column":4},"end":{"line":238,"column":null}},{"start":{},"end":{}}],"line":228},"47":{"loc":{"start":{"line":254,"column":4},"end":{"line":282,"column":null}},"type":"if","locations":[{"start":{"line":254,"column":4},"end":{"line":282,"column":null}},{"start":{},"end":{}}],"line":254},"48":{"loc":{"start":{"line":287,"column":20},"end":{"line":287,"column":null}},"type":"binary-expr","locations":[{"start":{"line":287,"column":20},"end":{"line":287,"column":74}},{"start":{"line":287,"column":74},"end":{"line":287,"column":null}}],"line":287},"49":{"loc":{"start":{"line":340,"column":40},"end":{"line":340,"column":80}},"type":"cond-expr","locations":[{"start":{"line":340,"column":63},"end":{"line":340,"column":77}},{"start":{"line":340,"column":77},"end":{"line":340,"column":80}}],"line":340}},"s":{"0":1,"1":1,"2":1,"3":1,"4":1,"5":1,"6":1,"7":1,"8":0,"9":1,"10":0,"11":1,"12":0,"13":1,"14":0,"15":1,"16":2,"17":2,"18":2,"19":2,"20":2,"21":2,"22":2,"23":2,"24":2,"25":2,"26":2,"27":2,"28":2,"29":2,"30":2,"31":2,"32":2,"33":2,"34":2,"35":2,"36":0,"37":2,"38":2,"39":0,"40":2,"41":2,"42":2,"43":2,"44":2,"45":2,"46":2,"47":0,"48":0,"49":0,"50":0,"51":0,"52":2,"53":0,"54":2,"55":0,"56":2,"57":2,"58":2,"59":0,"60":0,"61":2,"62":2,"63":2,"64":2,"65":2,"66":0,"67":2,"68":2,"69":0,"70":2,"71":2,"72":2,"73":2,"74":2,"75":2,"76":2,"77":2,"78":2,"79":2,"80":2,"81":2,"82":0,"83":0,"84":0,"85":0,"86":0,"87":0,"88":2,"89":0,"90":0,"91":2,"92":0,"93":0,"94":0,"95":0,"96":0,"97":0,"98":2,"99":0,"100":2,"101":2,"102":2,"103":2,"104":0,"105":0,"106":0,"107":0,"108":0,"109":0,"110":0,"111":2,"112":2,"113":0,"114":0,"115":0,"116":0,"117":0,"118":0,"119":2,"120":0,"121":0,"122":3,"123":3,"124":3,"125":3,"126":1,"127":2,"128":0,"129":2,"130":2,"131":0,"132":2,"133":2,"134":2,"135":2,"136":2,"137":0,"138":2,"139":2,"140":2,"141":0,"142":0,"143":0,"144":0,"145":0,"146":2,"147":2,"148":2,"149":2,"150":2,"151":2,"152":2,"153":2,"154":1,"155":1,"156":1,"157":1,"158":0,"159":0},"f":{"0":1,"1":1,"2":1,"3":2,"4":2,"5":0,"6":3,"7":2,"8":2,"9":2},"b":{"0":[1,0],"1":[0,1],"2":[0,1],"3":[0,1],"4":[1,1],"5":[0,1],"6":[0,2],"7":[0,2],"8":[2,2],"9":[0,2],"10":[2,2],"11":[0,2],"12":[0,0],"13":[0,0],"14":[0,2],"15":[0,0],"16":[0,2],"17":[0,2],"18":[0,2],"19":[2,2],"20":[2,0],"21":[0,2],"22":[2,2],"23":[2,2],"24":[2,2],"25":[2,2],"26":[2,2],"27":[2,0],"28":[2,0],"29":[0,2],"30":[0,2],"31":[0,2],"32":[0,2],"33":[2,2],"34":[0,2],"35":[0,0],"36":[0,0],"37":[0,0],"38":[0,0],"39":[0,0],"40":[0,0],"41":[1,2],"42":[3,2],"43":[0,2],"44":[2,0],"45":[0,2],"46":[0,2],"47":[0,2],"48":[2,0],"49":[0,0]},"meta":{"lastBranch":50,"lastFunction":10,"lastStatement":160,"seen":{"s:15:23:15:Infinity":0,"s:16:27:16:Infinity":1,"f:30:9:30:30":0,"s:31:18:31:Infinity":2,"f:31:36:31:41":1,"s:31:47:31:59":3,"s:33:2:55:Infinity":4,"f:33:19:33:24":2,"s:34:16:34:Infinity":5,"b:34:16:34:39:34:39:34:Infinity":0,"s:36:38:36:Infinity":6,"b:37:4:40:Infinity:38:9:40:Infinity":1,"s:37:4:40:Infinity":7,"s:37:31:37:Infinity":8,"b:38:9:40:Infinity:39:9:40:Infinity":2,"s:38:9:40:Infinity":9,"s:38:33:38:Infinity":10,"b:39:9:40:Infinity:40:9:40:Infinity":3,"s:39:9:40:Infinity":11,"b:39:13:39:38:39:38:39:57":4,"s:39:57:39:Infinity":12,"b:40:9:40:Infinity:undefined:undefined:undefined:undefined":5,"s:40:9:40:Infinity":13,"s:40:37:40:Infinity":14,"s:42:4:54:Infinity":15,"f:58:15:58:39":3,"s:59:2:202:Infinity":16,"s:60:19:60:Infinity":17,"s:61:4:61:Infinity":18,"s:63:18:63:Infinity":19,"s:64:27:64:Infinity":20,"s:65:43:65:Infinity":21,"s:66:26:66:Infinity":22,"s:68:4:76:Infinity":23,"s:68:17:68:20":24,"s:69:6:69:Infinity":25,"s:70:32:70:Infinity":26,"s:72:23:72:Infinity":27,"s:73:6:73:Infinity":28,"s:75:6:75:Infinity":29,"s:78:17:78:Infinity":30,"s:79:33:79:Infinity":31,"s:81:4:184:Infinity":32,"s:82:6:183:Infinity":33,"s:83:21:83:Infinity":34,"b:84:8:84:Infinity:undefined:undefined:undefined:undefined":6,"s:84:8:84:Infinity":35,"s:84:19:84:Infinity":36,"s:86:27:86:Infinity":37,"b:87:8:87:Infinity:undefined:undefined:undefined:undefined":7,"s:87:8:87:Infinity":38,"s:87:24:87:Infinity":39,"s:89:19:89:Infinity":40,"s:90:8:107:Infinity":41,"s:91:21:91:Infinity":42,"s:92:25:92:Infinity":43,"b:92:25:92:64:92:64:92:Infinity":8,"s:93:24:93:Infinity":44,"s:94:21:94:Infinity":45,"b:94:49:94:58:94:58:94:Infinity":9,"b:94:58:94:80:94:80:94:Infinity":10,"b:96:10:106:Infinity:100:17:106:Infinity":11,"s:96:10:106:Infinity":46,"b:97:12:99:Infinity:98:17:99:Infinity":12,"s:97:12:99:Infinity":47,"s:97:32:97:Infinity":48,"b:98:17:99:Infinity:99:17:99:Infinity":13,"s:98:17:99:Infinity":49,"s:98:37:98:Infinity":50,"s:99:17:99:Infinity":51,"b:100:17:106:Infinity:102:17:106:Infinity":14,"s:100:17:106:Infinity":52,"s:101:12:101:Infinity":53,"b:101:36:101:49:101:49:101:Infinity":15,"b:102:17:106:Infinity:104:17:106:Infinity":16,"s:102:17:106:Infinity":54,"s:103:12:103:Infinity":55,"s:105:12:105:Infinity":56,"s:109:19:109:Infinity":57,"b:111:8:114:Infinity:undefined:undefined:undefined:undefined":17,"s:111:8:114:Infinity":58,"s:112:10:112:Infinity":59,"s:113:10:113:Infinity":60,"s:116:14:165:Infinity":61,"f:116:14:116:31":4,"s:117:10:164:Infinity":62,"s:118:25:118:Infinity":63,"s:119:28:119:Infinity":64,"b:120:12:120:Infinity:undefined:undefined:undefined:undefined":18,"s:120:12:120:Infinity":65,"b:120:16:120:25:120:25:120:35":19,"s:120:35:120:Infinity":66,"s:122:28:122:Infinity":67,"b:122:28:122:48:122:48:122:Infinity":20,"b:123:12:123:Infinity:undefined:undefined:undefined:undefined":21,"s:123:12:123:Infinity":68,"b:123:16:123:43:123:43:123:63":22,"s:123:63:123:Infinity":69,"s:125:23:125:Infinity":70,"b:125:23:125:49:125:49:125:Infinity":23,"s:126:23:126:Infinity":71,"b:126:23:126:49:126:49:126:Infinity":24,"s:127:23:127:Infinity":72,"b:127:23:127:49:127:49:127:Infinity":25,"s:128:23:128:Infinity":73,"b:128:23:128:49:128:49:128:Infinity":26,"s:130:20:130:Infinity":74,"s:131:20:131:Infinity":75,"s:132:24:132:Infinity":76,"s:133:25:133:Infinity":77,"s:135:30:135:Infinity":78,"b:135:30:135:72:135:72:135:Infinity":27,"s:136:29:136:Infinity":79,"b:136:29:136:61:136:61:136:Infinity":28,"s:137:28:137:Infinity":80,"b:140:12:159:Infinity:148:19:159:Infinity":29,"s:140:12:159:Infinity":81,"s:141:27:141:Infinity":82,"s:142:14:142:Infinity":83,"s:143:14:143:Infinity":84,"s:145:26:145:Infinity":85,"s:146:14:146:Infinity":86,"s:147:14:147:Infinity":87,"b:148:19:159:Infinity:151:19:159:Infinity":30,"s:148:19:159:Infinity":88,"s:149:14:149:Infinity":89,"s:150:14:150:Infinity":90,"b:151:19:159:Infinity:undefined:undefined:undefined:undefined":31,"s:151:19:159:Infinity":91,"s:152:27:152:Infinity":92,"s:153:14:153:Infinity":93,"s:154:14:154:Infinity":94,"s:156:26:156:Infinity":95,"s:157:14:157:Infinity":96,"s:158:14:158:Infinity":97,"b:161:12:161:Infinity:undefined:undefined:undefined:undefined":32,"s:161:12:161:Infinity":98,"b:161:16:161:30:161:30:161:43":33,"s:161:43:161:Infinity":99,"s:163:12:163:Infinity":100,"s:167:8:179:Infinity":101,"s:168:23:168:Infinity":102,"b:169:10:178:Infinity:undefined:undefined:undefined:undefined":34,"s:169:10:178:Infinity":103,"s:170:28:170:Infinity":104,"b:170:28:170:48:170:48:170:Infinity":35,"s:171:12:176:Infinity":105,"s:172:14:175:Infinity":106,"s:173:28:173:Infinity":107,"s:174:16:174:Infinity":108,"b:177:12:177:Infinity:undefined:undefined:undefined:undefined":36,"s:177:12:177:Infinity":109,"s:177:36:177:Infinity":110,"s:181:8:181:Infinity":111,"s:186:4:196:Infinity":112,"f:186:12:186:18":5,"b:187:6:187:Infinity:undefined:undefined:undefined:undefined":37,"s:187:6:187:Infinity":113,"s:187:29:187:Infinity":114,"s:189:27:189:Infinity":115,"b:189:27:189:65:189:65:189:Infinity":38,"b:191:6:193:Infinity:undefined:undefined:undefined:undefined":39,"s:191:6:193:Infinity":116,"s:192:8:192:Infinity":117,"s:195:6:195:Infinity":118,"s:198:4:198:Infinity":119,"s:200:4:200:Infinity":120,"b:200:82:200:94:200:94:200:95":40,"s:201:4:201:Infinity":121,"f:204:22:204:27":6,"s:205:2:342:Infinity":122,"s:206:21:206:Infinity":123,"s:207:17:207:Infinity":124,"b:209:4:211:Infinity:undefined:undefined:undefined:undefined":41,"s:209:4:211:Infinity":125,"b:209:8:209:17:209:17:209:42":42,"s:210:6:210:Infinity":126,"b:213:4:215:Infinity:undefined:undefined:undefined:undefined":43,"s:213:4:215:Infinity":127,"b:213:8:213:43:213:43:213:86":44,"s:214:6:214:Infinity":128,"s:217:26:217:Infinity":129,"b:218:4:220:Infinity:undefined:undefined:undefined:undefined":45,"s:218:4:220:Infinity":130,"s:219:6:219:Infinity":131,"s:222:24:222:Infinity":132,"s:223:18:223:Infinity":133,"s:225:4:225:Infinity":134,"s:226:23:226:Infinity":135,"b:228:4:238:Infinity:undefined:undefined:undefined:undefined":46,"s:228:4:238:Infinity":136,"s:229:6:237:Infinity":137,"s:240:40:251:Infinity":138,"f:240:59:240:64":7,"s:240:74:251:6":139,"b:254:4:282:Infinity:undefined:undefined:undefined:undefined":47,"s:254:4:282:Infinity":140,"s:255:47:264:Infinity":141,"s:266:6:281:Infinity":142,"s:267:56:272:Infinity":143,"s:273:8:278:Infinity":144,"s:280:8:280:Infinity":145,"s:284:4:337:Infinity":146,"s:285:20:285:Infinity":147,"s:286:25:298:Infinity":148,"f:286:35:286:39":8,"s:287:20:287:Infinity":149,"b:287:20:287:74:287:74:287:Infinity":48,"f:287:41:287:46":9,"s:287:51:287:69":150,"s:288:8:297:Infinity":151,"s:299:24:299:Infinity":152,"s:315:22:315:Infinity":153,"s:316:54:321:Infinity":154,"s:323:6:328:Infinity":155,"s:330:6:330:Infinity":156,"s:331:6:336:Infinity":157,"s:340:4:340:Infinity":158,"b:340:63:340:77:340:77:340:80":49,"s:341:4:341:Infinity":159},"fnNames":{}}}
,"/Users/alt/Downloads/whispr-doc-pro/lib/extract-html.ts": {"path":"/Users/alt/Downloads/whispr-doc-pro/lib/extract-html.ts","statementMap":{"0":{"start":{"line":37,"column":2},"end":{"line":50,"column":null}},"1":{"start":{"line":39,"column":6},"end":{"line":39,"column":null}},"2":{"start":{"line":41,"column":6},"end":{"line":41,"column":null}},"3":{"start":{"line":43,"column":6},"end":{"line":43,"column":null}},"4":{"start":{"line":45,"column":6},"end":{"line":45,"column":null}},"5":{"start":{"line":45,"column":22},"end":{"line":45,"column":null}},"6":{"start":{"line":46,"column":6},"end":{"line":46,"column":null}},"7":{"start":{"line":46,"column":25},"end":{"line":46,"column":null}},"8":{"start":{"line":47,"column":6},"end":{"line":47,"column":null}},"9":{"start":{"line":49,"column":6},"end":{"line":49,"column":null}},"10":{"start":{"line":53,"column":31},"end":{"line":53,"column":null}},"11":{"start":{"line":54,"column":14},"end":{"line":63,"column":null}},"12":{"start":{"line":64,"column":28},"end":{"line":64,"column":null}},"13":{"start":{"line":65,"column":2},"end":{"line":117,"column":null}},"14":{"start":{"line":65,"column":15},"end":{"line":65,"column":18}},"15":{"start":{"line":66,"column":17},"end":{"line":66,"column":null}},"16":{"start":{"line":67,"column":21},"end":{"line":67,"column":null}},"17":{"start":{"line":68,"column":30},"end":{"line":68,"column":null}},"18":{"start":{"line":69,"column":20},"end":{"line":69,"column":null}},"19":{"start":{"line":70,"column":30},"end":{"line":70,"column":null}},"20":{"start":{"line":71,"column":4},"end":{"line":86,"column":null}},"21":{"start":{"line":72,"column":6},"end":{"line":72,"column":null}},"22":{"start":{"line":72,"column":28},"end":{"line":72,"column":null}},"23":{"start":{"line":73,"column":18},"end":{"line":73,"column":null}},"24":{"start":{"line":74,"column":6},"end":{"line":74,"column":null}},"25":{"start":{"line":74,"column":31},"end":{"line":74,"column":null}},"26":{"start":{"line":75,"column":24},"end":{"line":75,"column":null}},"27":{"start":{"line":76,"column":16},"end":{"line":76,"column":null}},"28":{"start":{"line":77,"column":24},"end":{"line":77,"column":null}},"29":{"start":{"line":78,"column":25},"end":{"line":78,"column":null}},"30":{"start":{"line":79,"column":20},"end":{"line":79,"column":null}},"31":{"start":{"line":80,"column":6},"end":{"line":85,"column":null}},"32":{"start":{"line":87,"column":40},"end":{"line":87,"column":null}},"33":{"start":{"line":88,"column":4},"end":{"line":114,"column":null}},"34":{"start":{"line":89,"column":26},"end":{"line":89,"column":null}},"35":{"start":{"line":90,"column":6},"end":{"line":111,"column":null}},"36":{"start":{"line":91,"column":8},"end":{"line":91,"column":null}},"37":{"start":{"line":91,"column":36},"end":{"line":91,"column":null}},"38":{"start":{"line":92,"column":29},"end":{"line":92,"column":null}},"39":{"start":{"line":93,"column":8},"end":{"line":93,"column":null}},"40":{"start":{"line":93,"column":19},"end":{"line":93,"column":null}},"41":{"start":{"line":94,"column":21},"end":{"line":94,"column":null}},"42":{"start":{"line":95,"column":8},"end":{"line":95,"column":null}},"43":{"start":{"line":95,"column":38},"end":{"line":95,"column":null}},"44":{"start":{"line":96,"column":18},"end":{"line":96,"column":null}},"45":{"start":{"line":97,"column":18},"end":{"line":97,"column":null}},"46":{"start":{"line":98,"column":23},"end":{"line":98,"column":null}},"47":{"start":{"line":99,"column":24},"end":{"line":99,"column":null}},"48":{"start":{"line":100,"column":8},"end":{"line":100,"column":null}},"49":{"start":{"line":100,"column":41},"end":{"line":100,"column":null}},"50":{"start":{"line":101,"column":8},"end":{"line":110,"column":null}},"51":{"start":{"line":115,"column":4},"end":{"line":115,"column":null}},"52":{"start":{"line":116,"column":4},"end":{"line":116,"column":null}},"53":{"start":{"line":118,"column":2},"end":{"line":118,"column":null}},"54":{"start":{"line":119,"column":2},"end":{"line":119,"column":null}},"55":{"start":{"line":122,"column":2},"end":{"line":126,"column":null}},"56":{"start":{"line":143,"column":2},"end":{"line":143,"column":null}},"57":{"start":{"line":151,"column":12},"end":{"line":151,"column":null}},"58":{"start":{"line":152,"column":12},"end":{"line":152,"column":null}},"59":{"start":{"line":153,"column":16},"end":{"line":160,"column":null}},"60":{"start":{"line":156,"column":8},"end":{"line":158,"column":null}},"61":{"start":{"line":161,"column":16},"end":{"line":173,"column":null}},"62":{"start":{"line":162,"column":19},"end":{"line":162,"column":40}},"63":{"start":{"line":165,"column":8},"end":{"line":171,"column":null}},"64":{"start":{"line":174,"column":2},"end":{"line":177,"column":null}},"65":{"start":{"line":182,"column":2},"end":{"line":182,"column":null}},"66":{"start":{"line":182,"column":30},"end":{"line":182,"column":87}}},"fnMap":{"0":{"name":"mapAnnotationType","decl":{"start":{"line":30,"column":9},"end":{"line":30,"column":27}},"loc":{"start":{"line":36,"column":11},"end":{"line":51,"column":null}},"line":36},"1":{"name":"extractPageText","decl":{"start":{"line":52,"column":22},"end":{"line":52,"column":38}},"loc":{"start":{"line":52,"column":78},"end":{"line":120,"column":null}},"line":52},"2":{"name":"escapeHtml","decl":{"start":{"line":121,"column":9},"end":{"line":121,"column":20}},"loc":{"start":{"line":121,"column":39},"end":{"line":127,"column":null}},"line":121},"3":{"name":"pageStyles","decl":{"start":{"line":142,"column":9},"end":{"line":142,"column":30}},"loc":{"start":{"line":142,"column":30},"end":{"line":149,"column":null}},"line":142},"4":{"name":"buildPageHtml","decl":{"start":{"line":150,"column":16},"end":{"line":150,"column":30}},"loc":{"start":{"line":150,"column":74},"end":{"line":179,"column":null}},"line":150},"5":{"name":"(anonymous_5)","decl":{"start":{"line":154,"column":5},"end":{"line":154,"column":null}},"loc":{"start":{"line":156,"column":8},"end":{"line":158,"column":null}},"line":156},"6":{"name":"(anonymous_6)","decl":{"start":{"line":162,"column":5},"end":{"line":162,"column":13}},"loc":{"start":{"line":162,"column":19},"end":{"line":162,"column":40}},"line":162},"7":{"name":"(anonymous_7)","decl":{"start":{"line":163,"column":5},"end":{"line":163,"column":null}},"loc":{"start":{"line":165,"column":8},"end":{"line":171,"column":null}},"line":165},"8":{"name":"buildHtmlPages","decl":{"start":{"line":181,"column":16},"end":{"line":181,"column":31}},"loc":{"start":{"line":181,"column":82},"end":{"line":183,"column":null}},"line":181},"9":{"name":"(anonymous_9)","decl":{"start":{"line":182,"column":15},"end":{"line":182,"column":20}},"loc":{"start":{"line":182,"column":30},"end":{"line":182,"column":87}},"line":182}},"branchMap":{"0":{"loc":{"start":{"line":37,"column":2},"end":{"line":50,"column":null}},"type":"switch","locations":[{"start":{"line":38,"column":4},"end":{"line":39,"column":null}},{"start":{"line":40,"column":4},"end":{"line":41,"column":null}},{"start":{"line":42,"column":4},"end":{"line":43,"column":null}},{"start":{"
[...]
ers/alt/Downloads/whispr-doc-pro/lib/dynamodb/client.ts","statementMap":{"0":{"start":{"line":17,"column":23},"end":{"line":19,"column":null}},"1":{"start":{"line":33,"column":2},"end":{"line":44,"column":null}},"2":{"start":{"line":34,"column":39},"end":{"line":37,"column":null}},"3":{"start":{"line":38,"column":20},"end":{"line":38,"column":null}},"4":{"start":{"line":39,"column":21},"end":{"line":39,"column":null}},"5":{"start":{"line":40,"column":4},"end":{"line":40,"column":null}},"6":{"start":{"line":42,"column":4},"end":{"line":42,"column":null}},"7":{"start":{"line":43,"column":4},"end":{"line":43,"column":null}},"8":{"start":{"line":52,"column":2},"end":{"line":62,"column":null}},"9":{"start":{"line":53,"column":39},"end":{"line":56,"column":null}},"10":{"start":{"line":57,"column":20},"end":{"line":57,"column":null}},"11":{"start":{"line":58,"column":4},"end":{"line":58,"column":null}},"12":{"start":{"line":60,"column":4},"end":{"line":60,"column":null}},"13":{"start":{"line":61,"column":4},"end":{"line":61,"column":null}},"14":{"start":{"line":73,"column":2},"end":{"line":89,"column":null}},"15":{"start":{"line":74,"column":37},"end":{"line":79,"column":null}},"16":{"start":{"line":80,"column":4},"end":{"line":82,"column":null}},"17":{"start":{"line":81,"column":6},"end":{"line":81,"column":null}},"18":{"start":{"line":83,"column":20},"end":{"line":83,"column":null}},"19":{"start":{"line":84,"column":21},"end":{"line":84,"column":null}},"20":{"start":{"line":85,"column":4},"end":{"line":85,"column":null}},"21":{"start":{"line":85,"column":48},"end":{"line":85,"column":64}},"22":{"start":{"line":87,"column":4},"end":{"line":87,"column":null}},"23":{"start":{"line":88,"column":4},"end":{"line":88,"column":null}},"24":{"start":{"line":100,"column":2},"end":{"line":117,"column":null}},"25":{"start":{"line":101,"column":42},"end":{"line":107,"column":null}},"26":{"start":{"line":108,"column":4},"end":{"line":110,"column":null}},"27":{"start":{"line":109,"column":6},"end":{"line":109,"column":null}},"28":{"start":{"line":111,"column":20},"end":{"line":111,"column":null}},"29":{"start":{"line":112,"column":21},"end":{"line":112,"column":null}},"30":{"start":{"line":113,"column":4},"end":{"line":113,"column":null}},"31":{"start":{"line":115,"column":4},"end":{"line":115,"column":null}},"32":{"start":{"line":116,"column":4},"end":{"line":116,"column":null}},"33":{"start":{"line":125,"column":2},"end":{"line":135,"column":null}},"34":{"start":{"line":126,"column":42},"end":{"line":129,"column":null}},"35":{"start":{"line":130,"column":20},"end":{"line":130,"column":null}},"36":{"start":{"line":131,"column":4},"end":{"line":131,"column":null}},"37":{"start":{"line":133,"column":4},"end":{"line":133,"column":null}},"38":{"start":{"line":134,"column":4},"end":{"line":134,"column":null}}},"fnMap":{"0":{"name":"getItem","decl":{"start":{"line":29,"column":22},"end":{"line":29,"column":null}},"loc":{"start":{"line":32,"column":32},"end":{"line":45,"column":null}},"line":32},"1":{"name":"putItem","decl":{"start":{"line":48,"column":22},"end":{"line":48,"column":null}},"loc":{"start":{"line":51,"column":17},"end":{"line":63,"column":null}},"line":51},"2":{"name":"queryItems","decl":{"start":{"line":66,"column":22},"end":{"line":66,"column":null}},"loc":{"start":{"line":72,"column":27},"end":{"line":90,"column":null}},"line":72},"3":{"name":"(anonymous_3)","decl":{"start":{"line":85,"column":34},"end":{"line":85,"column":39}},"loc":{"start":{"line":85,"column":48},"end":{"line":85,"column":64}},"line":85},"4":{"name":"updateItem","decl":{"start":{"line":93,"column":22},"end":{"line":93,"column":null}},"loc":{"start":{"line":99,"column":32},"end":{"line":118,"column":null}},"line":99},"5":{"name":"deleteItem","decl":{"start":{"line":121,"column":22},"end":{"line":121,"column":null}},"loc":{"start":{"line":124,"column":17},"end":{"line":136,"column":null}},"line":124}},"branchMap":{"0":{"loc":{"start":{"line":18,"column":10},"end":{"line":18,"column":null}},"type":"binary-expr","locations":[{"start":{"line":18,"column":10},"end":{"line":18,"column":36}},{"start":{"line":18,"column":36},"end":{"line":18,"column":null}}],"line":18},"1":{"loc":{"start":{"line":40,"column":11},"end":{"line":40,"column":null}},"type":"cond-expr","locations":[{"start":{"line":40,"column":27},"end":{"line":40,"column":55}},{"start":{"line":40,"column":55},"end":{"line":40,"column":null}}],"line":40},"2":{"loc":{"start":{"line":80,"column":4},"end":{"line":82,"column":null}},"type":"if","locations":[{"start":{"line":80,"column":4},"end":{"line":82,"column":null}},{"start":{},"end":{}}],"line":80},"3":{"loc":{"start":{"line":85,"column":12},"end":{"line":85,"column":32}},"type":"binary-expr","locations":[{"start":{"line":85,"column":12},"end":{"line":85,"column":30}},{"start":{"line":85,"column":30},"end":{"line":85,"column":32}}],"line":85},"4":{"loc":{"start":{"line":108,"column":4},"end":{"line":110,"column":null}},"type":"if","locations":[{"start":{"line":108,"column":4},"end":{"line":110,"column":null}},{"start":{},"end":{}}],"line":108},"5":{"loc":{"start":{"line":113,"column":11},"end":{"line":113,"column":null}},"type":"cond-expr","locations":[{"start":{"line":113,"column":33},"end":{"line":113,"column":67}},{"start":{"line":113,"column":67},"end":{"line":113,"column":null}}],"line":113}},"s":{"0":1,"1":1,"2":1,"3":1,"4":1,"5":1,"6":0,"7":0,"8":2,"9":2,"10":2,"11":2,"12":1,"13":1,"14":0,"15":0,"16":0,"17":0,"18":0,"19":0,"20":0,"21":0,"22":0,"23":0,"24":0,"25":0,"26":0,"27":0,"28":0,"29":0,"30":0,"31":0,"32":0,"33":0,"34":0,"35":0,"36":0,"37":0,"38":0},"f":{"0":1,"1":2,"2":0,"3":0,"4":0,"5":0},"b":{"0":[1,1],"1":[1,0],"2":[0,0],"3":[0,0],"4":[0,0],"5":[0,0]},"meta":{"lastBranch":6,"lastFunction":6,"lastStatement":39,"seen":{"s:17:23:19:Infinity":0,"b:18:10:18:36:18:36:18:Infinity":0,"f:29:22:29:Infinity":0,"s:33:2:44:Infinity":1,"s:34:39:37:Infinity":2,"s:38:20:38:Infinity":3,"s:39:21:39:Infinity":4,"s:40:4:40:Infinity":5,"b:40:27:40:55:40:55:40:Infinity":1,"s:42:4:42:Infinity":6,"s:43:4:43:Infinity":7,"f:48:22:48:Infinity":1,"s:52:2:62:Infinity":8,"s:53:39:56:Infinity":9,"s:57:20:57:Infinity":10,"s:58:4:58:Infinity":11,"s:60:4:60:Infinity":12,"s:61:4:61:Infinity":13,"f:66:22:66:Infinity":2,"s:73:2:89:Infinity":14,"s:74:37:79:Infinity":15,"b:80:4:82:Infinity:undefined:undefined:undefined:undefined":2,"s:80:4:82:Infinity":16,"s:81:6:81:Infinity":17,"s:83:20:83:Infinity":18,"s:84:21:84:Infinity":19,"s:85:4:85:Infinity":20,"b:85:12:85:30:85:30:85:32":3,"f:85:34:85:39":3,"s:85:48:85:64":21,"s:87:4:87:Infinity":22,"s:88:4:88:Infinity":23,"f:93:22:93:Infinity":4,"s:100:2:117:Infinity":24,"s:101:42:107:Infinity":25,"b:108:4:110:Infinity:undefined:undefined:undefined:undefined":4,"s:108:4:110:Infinity":26,"s:109:6:109:Infinity":27,"s:111:20:111:Infinity":28,"s:112:21:112:Infinity":29,"s:113:4:113:Infinity":30,"b:113:33:113:67:113:67:113:Infinity":5,"s:115:4:115:Infinity":31,"s:116:4:116:Infinity":32,"f:121:22:121:Infinity":5,"s:125:2:135:Infinity":33,"s:126:42:129:Infinity":34,"s:130:20:130:Infinity":35,"s:131:4:131:Infinity":36,"s:133:4:133:Infinity":37,"s:134:4:134:Infinity":38},"fnNames":{}}}
,"/Users/alt/Downloads/whispr-doc-pro/lib/dynamodb/schema.ts": {"path":"/Users/alt/Downloads/whispr-doc-pro/lib/dynamodb/schema.ts","statementMap":{"0":{"start":{"line":122,"column":27},"end":{"line":127,"column":null}},"1":{"start":{"line":132,"column":2},"end":{"line":132,"column":null}},"2":{"start":{"line":136,"column":2},"end":{"line":136,"column":null}},"3":{"start":{"line":144,"column":2},"end":{"line":144,"column":null}},"4":{"start":{"line":148,"column":2},"end":{"line":148,"column":null}},"5":{"start":{"line":152,"column":2},"end":{"line":152,"column":null}},"6":{"start":{"line":162,"column":16},"end":{"line":162,"column":null}},"7":{"start":{"line":163,"column":2},"end":{"line":167,"column":null}},"8":{"start":{"line":174,"column":16},"end":{"line":174,"column":null}},"9":{"start":{"line":175,"column":2},"end":{"line":178,"column":null}}},"fnMap":{"0":{"name":"generatePk","decl":{"start":{"line":131,"column":16},"end":{"line":131,"column":27}},"loc":{"start":{"line":131,"column":76},"end":{"line":133,"column":null}},"line":131},"1":{"name":"generateDocumentSk","decl":{"start":{"line":135,"column":16},"end":{"line":135,"column":35}},"loc":{"start":{"line":135,"column":63},"end":{"line":137,"column":null}},"line":135},"2":{"name":"generateRevisionSk","decl":{"start":{"line":139,"column":16},"end":{"line":139,"column":null}},"loc":{"start":{"line":143,"column":10},"end":{"line":145,"column":null}},"line":143},"3":{"name":"generateAutosaveSk","decl":{"start":{"line":147,"column":16},"end":{"line":147,"column":35}},"loc":{"start":{"line":147,"column":63},"end":{"line":149,"column":null}},"line":147},"4":{"name":"generateAuditLogSk","decl":{"start":{"line":151,"column":16},"end":{"line":151,"column":35}},"loc":{"start":{"line":151,"column":80},"end":{"line":153,"column":null}},"line":151},"5":{"name":"parseRevisionSk","decl":{"start":{"line":157,"column":16},"end":{"line":157,"column":32}},"loc":{"start":{"line":161,"column":2},"end":{"line":168,"column":null}},"line":161},"6":{"name":"parseAuditLogSk","decl":{"start":{"line":170,"column":16},"end":{"line":170,"column":32}},"loc":{"start":{"line":173,"column":2},"end":{"line":179,"column":null}},"line":173}},"branchMap":{"0":{"loc":{"start":{"line":123,"column":13},"end":{"line":123,"column":null}},"type":"binary-expr","locations":[{"start":{"line":123,"column":13},"end":{"line":123,"column":53}},{"start":{"line":123,"column":53},"end":{"line":123,"column":null}}],"line":123},"1":{"loc":{"start":{"line":124,"column":13},"end":{"line":124,"column":null}},"type":"binary-expr","locations":[{"start":{"line":124,"column":13},"end":{"line":124,"column":53}},{"start":{"line":124,"column":53},"end":{"line":124,"column":null}}],"line":124},"2":{"loc":{"start":{"line":125,"column":12},"end":{"line":125,"column":null}},"type":"binary-expr","locations":[{"start":{"line":125,"column":12},"end":{"line":125,"column":51}},{"start":{"line":125,"column":51},"end":{"line":125,"column":null}}],"line":125},"3":{"loc":{"start":{"line":126,"column":13},"end":{"line":126,"column":null}},"type":"binary-expr","locations":[{"start":{"line":126,"column":13},"end":{"line":126,"column":53}},{"start":{"line":126,"column":53},"end":{"line":126,"column":null}}],"line":126},"4":{"loc":{"start":{"line":132,"column":22},"end":{"line":132,"column":null}},"type":"binary-expr","locations":[{"start":{"line":132,"column":22},"end":{"line":132,"column":40}},{"start":{"line":132,"column":40},"end":{"line":132,"column":null}}],"line":132}},"s":{"0":1,"1":2,"2":2,"3":0,"4":0,"5":0,"6":0,"7":0,"8":0,"9":0},"f":{"0":2,"1":2,"2":0,"3":0,"4":0,"5":0,"6":0},"b":{"0":[1,1],"1":[1,1],"2":[1,1],"3":[1,1],"4":[2,2]},"meta":{"lastBranch":5,"lastFunction":7,"lastStatement":10,"seen":{"s:122:27:127:Infinity":0,"b:123:13:123:53:123:53:123:Infinity":0,"b:124:13:124:53:124:53:124:Infinity":1,"b:125:12:125:51:125:51:125:Infinity":2,"b:126:13:126:53:126:53:126:Infinity":3,"f:131:16:131:27":0,"s:132:2:132:Infinity":1,"b:132:22:132:40:132:40:132:Infinity":4,"f:135:16:135:35":1,"s:136:2:136:Infinity":2,"f:139:16:139:Infinity":2,"s:144:2:144:Infinity":3,"f:147:16:147:35":3,"s:148:2:148:Infinity":4,"f:151:16:151:35":4,"s:152:2:152:Infinity":5,"f:157:16:157:32":5,"s:162:16:162:Infinity":6,"s:163:2:167:Infinity":7,"f:170:16:170:32":6,"s:174:16:174:Infinity":8,"s:175:2:178:Infinity":9},"fnNames":{}}}
,"/Users/alt/Downloads/whispr-doc-pro/lib/langfuse/client.ts": {"path":"/Users/alt/Downloads/whispr-doc-pro/lib/langfuse/client.ts","statementMap":{"0":{"start":{"line":4,"column":26},"end":{"line":4,"column":null}},"1":{"start":{"line":7,"column":4},"end":{"line":15,"column":null}},"2":{"start":{"line":17,"column":0},"end":{"line":19,"column":null}},"3":{"start":{"line":18,"column":4},"end":{"line":18,"column":null}}},"fnMap":{},"branchMap":{"0":{"loc":{"start":{"line":7,"column":4},"end":{"line":15,"column":null}},"type":"binary-expr","locations":[{"start":{"line":7,"column":4},"end":{"line":7,"column":null}},{"start":{"line":8,"column":4},"end":{"line":15,"column":null}}],"line":7},"1":{"loc":{"start":{"line":11,"column":17},"end":{"line":11,"column":null}},"type":"binary-expr","locations":[{"start":{"line":11,"column":17},"end":{"line":11,"column":50}},{"start":{"line":11,"column":50},"end":{"line":11,"column":null}}],"line":11},"2":{"loc":{"start":{"line":17,"column":0},"end":{"line":19,"column":null}},"type":"if","locations":[{"start":{"line":17,"column":0},"end":{"line":19,"column":null}},{"start":{},"end":{}}],"line":17}},"s":{"0":1,"1":1,"2":1,"3":1},"f":{},"b":{"0":[1,1],"1":[1,1],"2":[1,0]},"meta":{"lastBranch":3,"lastFunction":0,"lastStatement":4,"seen":{"s:4:26:4:Infinity":0,"s:7:4:15:Infinity":1,"b:7:4:7:Infinity:8:4:15:Infinity":0,"b:11:17:11:50:11:50:11:Infinity":1,"b:17:0:19:Infinity:undefined:undefined:undefined:undefined":2,"s:17:0:19:Infinity":2,"s:18:4:18:Infinity":3},"fnNames":{}}}
,"/Users/alt/Downloads/whispr-doc-pro/lib/langfuse/flush.ts": {"path":"/Users/alt/Downloads/whispr-doc-pro/lib/langfuse/flush.ts","statementMap":{"0":{"start":{"line":5,"column":6},"end":{"line":5,"column":null}},"1":{"start":{"line":8,"column":4},"end":{"line":12,"column":null}},"2":{"start":{"line":9,"column":8},"end":{"line":9,"column":null}},"3":{"start":{"line":11,"column":8},"end":{"line":11,"column":null}}},"fnMap":{"0":{"name":"flushLangfuse","decl":{"start":{"line":7,"column":22},"end":{"line":7,"column":53}},"loc":{"start":{"line":7,"column":53},"end":{"line":13,"column":null}},"line":7}},"branchMap":{"0":{"loc":{"start":{"line":8,"column":4},"end":{"line":12,"column":null}},"type":"if","locations":[{"start":{"line":8,"column":4},"end":{"line":12,"column":null}},{"start":{"line":10,"column":11},"end":{"line":12,"column":null}}],"line":8}},"s":{"0":1,"1":2,"2":0,"3":2},"f":{"0":2},"b":{"0":[0,2]},"meta":{"lastBranch":1,"lastFunction":1,"lastStatement":4,"seen":{"s:5:6:5:Infinity":0,"f:7:22:7:53":0,"b:8:4:12:Infinity:10:11:12:Infinity":0,"s:8:4:12:Infinity":1,"s:9:8:9:Infinity":2,"s:11:8:11:Infinity":3},"fnNames":{}}}
,"/Users/alt/Downloads/whispr-doc-pro/lib/langfuse/index.ts": {"path":"/Users/alt/Downloads/whispr-doc-pro/lib/langfuse/index.ts","statementMap":{},"fnMap":{},"branchMap":{},"s":{},"f":{},"b":{},"meta":{"lastBranch":0,"lastFunction":0,"lastStatement":0,"seen":{},"fnNames":{}}}
,"/Users/alt/Downloads/whispr-doc-pro/lib/supabase/client.ts": {"path":"/Users/alt/Downloads/whispr-doc-pro/lib/supabase/client.ts","statementMap":{"0":{"start":{"line":4,"column":2},"end":{"line":7,"column":null}}},"fnMap":{"0":{"name":"createClient","decl":{"start":{"line":3,"column":16},"end":{"line":3,"column":31}},"loc":{"start":{"line":3,"column":31},"end":{"line":8,"column":null}},"line":3}},"branchMap":{},"s":{"0":0},"f":{"0":0},"b":{},"meta":{"lastBranch":0,"lastFunction":1,"lastStatement":1,"seen":{"f:3:16:3:31":0,"s:4:2:7:Infinity":0},"fnNames":{}}}
,"/Users/alt/Downloads/whispr-doc-pro/lib/supabase/proxy.ts": {"path":"/Users/alt/Downloads/whispr-doc-pro/lib/supabase/proxy.ts","statementMap":{"0":{"start":{"line":5,"column":25},"end":{"line":7,"column":null}},"1":{"start":{"line":11,"column":19},"end":{"line":32,"column":null}},"2":{"start":{"line":17,"column":10},"end":{"line":17,"column":null}},"3":{"start":{"line":20,"column":10},"end":{"line":22,"column":null}},"4":{"start":{"line":21,"column":12},"end":{"line":21,"column":null}},"5":{"start":{"line":23,"column":10},"end":{"line":25,"column":null}},"6":{"start":{"line":26,"column":10},"end":{"line":28,"column":null}},"7":{"start":{"line":27,"column":12},"end":{"line":27,"column":null}},"8":{"start":{"line":42,"column":6},"end":{"line":42,"column":null}},"9":{"start":{"line":44,"column":2},"end":{"line":53,"column":null}},"10":{"start":{"line":50,"column":16},"end":{"line":50,"column":null}},"11":{"start":{"line":51,"column":4},"end":{"line":51,"column":null}},"12":{"start":{"line":52,"column":4},"end":{"line":52,"column":null}},"13":{"start":{"line":68,"column":2},"end":{"line":68,"column":null}}},"fnMap":{"0":{"name":"updateSession","decl":{"start":{"line":4,"column":22},"end":{"line":4,"column":36}},"loc":{"start":{"line":4,"column":58},"end":{"line":69,"column":null}},"line":4},"1":{"name":"getAll","decl":{"start":{"line":16,"column":8},"end":{"line":16,"column":17}},"loc":{"start":{"line":16,"column":17},"end":{"line":18,"column":null}},"line":16},"2":{"name":"setAll","decl":{"start":{"line":19,"column":8},"end":{"line":19,"column":15}},"loc":{"start":{"line":19,"column":29},"end":{"line":29,"column":null}},"line":19},"3":{"name":"(anonymous_3)","decl":{"start":{"line":20,"column":23},"end":{"line":20,"column":32}},"loc":{"start":{"line":21,"column":12},"end":{"line":21,"column":null}},"line":21},"4":{"name":"(anonymous_4)","decl":{"start":{"line":26,"column":23},"end":{"line":26,"column":32}},"loc":{"start":{"line":27,"column":12},"end":{"line":27,"column":null}},"line":27}},"branchMap":{"0":{"loc":{"start":{"line":44,"column":2},"end":{"line":53,"column":null}},"type":"if","locations":[{"start":{"line":44,"column":2},"end":{"line":53,"column":null}},{"start":{},"end":{}}],"line":44},"1":{"loc":{"start":{"line":46,"column":4},"end":{"line":47,"column":null}},"type":"binary-expr","locations":[{"start":{"line":46,"column":4},"end":{"line":46,"column":null}},{"start":{"line":47,"column":4},"end":{"line":47,"column":null}}],"line":46}},"s":{"0":0,"1":0,"2":0,"3":0,"4":0,"5":0,"6":0,"7":0,"8":0,"9":0,"10":0,"11":0,"12":0,"13":0},"f":{"0":0,"1":0,"2":0,"3":0,"4":0},"b":{"0":[0,0],"1":[0,0]},"meta":{"lastBranch":2,"lastFunction":5,"lastStatement":14,"seen":{"f:4:22:4:36":0,"s:5:25:7:Infinity":0,"s:11:19:32:Infinity":1,"f:16:8:16:17":1,"s:17:10:17:Infinity":2,"f:19:8:19:15":2,"s:20:10:22:Infinity":3,"f:20:23:20:32":3,"s:21:12:21:Infinity":4,"s:23:10:25:Infinity":5,"s:26:10:28:Infinity":6,"f:26:23:26:32":4,"s:27:12:27:Infinity":7,"s:42:6:42:Infinity":8,"b:44:2:53:Infinity:undefined:undefined:undefined:undefined":0,"s:44:2:53:Infinity":9,"b:46:4:46:Infinity:47:4:47:Infinity":1,"s:50:16:50:Infinity":10,"s:51:4:51:Infinity":11,"s:52:4:52:Infinity":12,"s:68:2:68:Infinity":13},"fnNames":{}}}
,"/Users/alt/Downloads/whispr-doc-pro/lib/supabase/server.ts": {"path":"/Users/alt/Downloads/whispr-doc-pro/lib/supabase/server.ts","statementMap":{"0":{"start":{"line":10,"column":22},"end":{"line":10,"column":36}},"1":{"start":{"line":12,"column":2},"end":{"line":33,"column":null}},"2":{"start":{"line":18,"column":10},"end":{"line":18,"column":null}},"3":{"start":{"line":21,"column":10},"end":{"line":29,"column":null}},"4":{"start":{"line":22,"column":12},"end":{"line":24,"column":null}},"5":{"start":{"line":23,"column":14},"end":{"line":23,"column":null}}},"fnMap":{"0":{"name":"createClient","decl":{"start":{"line":9,"column":22},"end":{"line":9,"column":37}},"loc":{"start":{"line":9,"column":37},"end":{"line":34,"column":null}},"line":9},"1":{"name":"getAll","decl":{"start":{"line":17,"column":8},"end":{"line":17,"column":17}},"loc":{"start":{"line":17,"column":17},"end":{"line":19,"column":null}},"line":17},"2":{"name":"setAll","decl":{"start":{"line":20,"column":8},"end":{"line":20,"column":15}},"loc":{"start":{"line":20,"column":29},"end":{"line":30,"column":null}},"line":20},"3":{"name":"(anonymous_3)","decl":{"start":{"line":22,"column":25},"end":{"line":22,"column":34}},"loc":{"start":{"line":23,"column":14},"end":{"line":23,"column":null}},"line":23}},"branchMap":{},"s":{"0":0,"1":0,"2":0,"3":0,"4":0,"5":0},"f":{"0":0,"1":0,"2":0,"3":0},"b":{},"meta":{"lastBranch":0,"lastFunction":4,"lastStatement":6,"seen":{"f:9:22:9:37":0,"s:10:22:10:36":0,"s:12:2:33:Infinity":1,"f:17:8:17:17":1,"s:18:10:18:Infinity":2,"f:20:8:20:15":2,"s:21:10:29:Infinity":3,"s:22:12:24:Infinity":4,"f:22:25:22:34":3,"s:23:14:23:Infinity":5},"fnNames":{}}}
}
